2020-05-26 01:43:36,804 ERROR 20956 nodejs.ReferenceError: window is not defined
    at VueComponent.eval (webpack:///./app/web/component/layout/admin/header/index.ts?./node_modules/cache-loader/dist/cjs.js??ref--0-0!./node_modules/thread-loader/dist/cjs.js??ref--0-1!./node_modules/ts-loader??ref--0-2:33:25)
    at step (E:\QQPCmgr\Desktop\questionWeb\questionWeb-server\questionWeb-server\node_modules\tslib\tslib.js:139:27)
    at Object.next (E:\QQPCmgr\Desktop\questionWeb\questionWeb-server\questionWeb-server\node_modules\tslib\tslib.js:120:57)
    at E:\QQPCmgr\Desktop\questionWeb\questionWeb-server\questionWeb-server\node_modules\tslib\tslib.js:113:75
    at new Promise (<anonymous>)
    at __awaiter (E:\QQPCmgr\Desktop\questionWeb\questionWeb-server\questionWeb-server\node_modules\tslib\tslib.js:109:16)
    at VueComponent.Header.checkLoginStatus (webpack:///./app/web/component/layout/admin/header/index.ts?./node_modules/cache-loader/dist/cjs.js??ref--0-0!./node_modules/thread-loader/dist/cjs.js??ref--0-1!./node_modules/ts-loader??ref--0-2:28:71)
    at VueComponent.Header.created (webpack:///./app/web/component/layout/admin/header/index.ts?./node_modules/cache-loader/dist/cjs.js??ref--0-0!./node_modules/thread-loader/dist/cjs.js??ref--0-1!./node_modules/ts-loader??ref--0-2:25:14)
    at invokeWithErrorHandling (E:\QQPCmgr\Desktop\questionWeb\questionWeb-server\questionWeb-server\node_modules\vue\dist\vue.runtime.common.dev.js:1850:57)
    at callHook (E:\QQPCmgr\Desktop\questionWeb\questionWeb-server\questionWeb-server\node_modules\vue\dist\vue.runtime.common.dev.js:4207:7)
name: "ReferenceError"
pid: 20956
hostname: DESKTOP-O0FB5QR

2020-05-26 02:18:05,050 ERROR 20956 nodejs.ReferenceError: window is not defined
    at VueComponent.eval (webpack:///./app/web/component/layout/admin/header/index.ts?./node_modules/cache-loader/dist/cjs.js??ref--0-0!./node_modules/thread-loader/dist/cjs.js??ref--0-1!./node_modules/ts-loader??ref--0-2:33:25)
    at step (E:\QQPCmgr\Desktop\questionWeb\questionWeb-server\questionWeb-server\node_modules\tslib\tslib.js:139:27)
    at Object.next (E:\QQPCmgr\Desktop\questionWeb\questionWeb-server\questionWeb-server\node_modules\tslib\tslib.js:120:57)
    at E:\QQPCmgr\Desktop\questionWeb\questionWeb-server\questionWeb-server\node_modules\tslib\tslib.js:113:75
    at new Promise (<anonymous>)
    at __awaiter (E:\QQPCmgr\Desktop\questionWeb\questionWeb-server\questionWeb-server\node_modules\tslib\tslib.js:109:16)
    at VueComponent.Header.checkLoginStatus (webpack:///./app/web/component/layout/admin/header/index.ts?./node_modules/cache-loader/dist/cjs.js??ref--0-0!./node_modules/thread-loader/dist/cjs.js??ref--0-1!./node_modules/ts-loader??ref--0-2:28:71)
    at VueComponent.Header.created (webpack:///./app/web/component/layout/admin/header/index.ts?./node_modules/cache-loader/dist/cjs.js??ref--0-0!./node_modules/thread-loader/dist/cjs.js??ref--0-1!./node_modules/ts-loader??ref--0-2:25:14)
    at invokeWithErrorHandling (E:\QQPCmgr\Desktop\questionWeb\questionWeb-server\questionWeb-server\node_modules\vue\dist\vue.runtime.common.dev.js:1850:57)
    at callHook (E:\QQPCmgr\Desktop\questionWeb\questionWeb-server\questionWeb-server\node_modules\vue\dist\vue.runtime.common.dev.js:4207:7)
name: "ReferenceError"
pid: 20956
hostname: DESKTOP-O0FB5QR

2020-05-26 02:18:12,755 ERROR 20956 nodejs.ReferenceError: window is not defined
    at VueComponent.eval (webpack:///./app/web/component/layout/admin/header/index.ts?./node_modules/cache-loader/dist/cjs.js??ref--0-0!./node_modules/thread-loader/dist/cjs.js??ref--0-1!./node_modules/ts-loader??ref--0-2:33:25)
    at step (E:\QQPCmgr\Desktop\questionWeb\questionWeb-server\questionWeb-server\node_modules\tslib\tslib.js:139:27)
    at Object.next (E:\QQPCmgr\Desktop\questionWeb\questionWeb-server\questionWeb-server\node_modules\tslib\tslib.js:120:57)
    at E:\QQPCmgr\Desktop\questionWeb\questionWeb-server\questionWeb-server\node_modules\tslib\tslib.js:113:75
    at new Promise (<anonymous>)
    at __awaiter (E:\QQPCmgr\Desktop\questionWeb\questionWeb-server\questionWeb-server\node_modules\tslib\tslib.js:109:16)
    at VueComponent.Header.checkLoginStatus (webpack:///./app/web/component/layout/admin/header/index.ts?./node_modules/cache-loader/dist/cjs.js??ref--0-0!./node_modules/thread-loader/dist/cjs.js??ref--0-1!./node_modules/ts-loader??ref--0-2:28:71)
    at VueComponent.Header.created (webpack:///./app/web/component/layout/admin/header/index.ts?./node_modules/cache-loader/dist/cjs.js??ref--0-0!./node_modules/thread-loader/dist/cjs.js??ref--0-1!./node_modules/ts-loader??ref--0-2:25:14)
    at invokeWithErrorHandling (E:\QQPCmgr\Desktop\questionWeb\questionWeb-server\questionWeb-server\node_modules\vue\dist\vue.runtime.common.dev.js:1850:57)
    at callHook (E:\QQPCmgr\Desktop\questionWeb\questionWeb-server\questionWeb-server\node_modules\vue\dist\vue.runtime.common.dev.js:4207:7)
name: "ReferenceError"
pid: 20956
hostname: DESKTOP-O0FB5QR

2020-05-26 02:18:15,711 ERROR 20956 nodejs.ReferenceError: window is not defined
    at VueComponent.eval (webpack:///./app/web/component/layout/admin/header/index.ts?./node_modules/cache-loader/dist/cjs.js??ref--0-0!./node_modules/thread-loader/dist/cjs.js??ref--0-1!./node_modules/ts-loader??ref--0-2:33:25)
    at step (E:\QQPCmgr\Desktop\questionWeb\questionWeb-server\questionWeb-server\node_modules\tslib\tslib.js:139:27)
    at Object.next (E:\QQPCmgr\Desktop\questionWeb\questionWeb-server\questionWeb-server\node_modules\tslib\tslib.js:120:57)
    at E:\QQPCmgr\Desktop\questionWeb\questionWeb-server\questionWeb-server\node_modules\tslib\tslib.js:113:75
    at new Promise (<anonymous>)
    at __awaiter (E:\QQPCmgr\Desktop\questionWeb\questionWeb-server\questionWeb-server\node_modules\tslib\tslib.js:109:16)
    at VueComponent.Header.checkLoginStatus (webpack:///./app/web/component/layout/admin/header/index.ts?./node_modules/cache-loader/dist/cjs.js??ref--0-0!./node_modules/thread-loader/dist/cjs.js??ref--0-1!./node_modules/ts-loader??ref--0-2:28:71)
    at VueComponent.Header.created (webpack:///./app/web/component/layout/admin/header/index.ts?./node_modules/cache-loader/dist/cjs.js??ref--0-0!./node_modules/thread-loader/dist/cjs.js??ref--0-1!./node_modules/ts-loader??ref--0-2:25:14)
    at invokeWithErrorHandling (E:\QQPCmgr\Desktop\questionWeb\questionWeb-server\questionWeb-server\node_modules\vue\dist\vue.runtime.common.dev.js:1850:57)
    at callHook (E:\QQPCmgr\Desktop\questionWeb\questionWeb-server\questionWeb-server\node_modules\vue\dist\vue.runtime.common.dev.js:4207:7)
name: "ReferenceError"
pid: 20956
hostname: DESKTOP-O0FB5QR

2020-05-26 02:18:23,913 ERROR 20956 nodejs.ReferenceError: window is not defined
    at VueComponent.eval (webpack:///./app/web/component/layout/admin/header/index.ts?./node_modules/cache-loader/dist/cjs.js??ref--0-0!./node_modules/thread-loader/dist/cjs.js??ref--0-1!./node_modules/ts-loader??ref--0-2:33:25)
    at step (E:\QQPCmgr\Desktop\questionWeb\questionWeb-server\questionWeb-server\node_modules\tslib\tslib.js:139:27)
    at Object.next (E:\QQPCmgr\Desktop\questionWeb\questionWeb-server\questionWeb-server\node_modules\tslib\tslib.js:120:57)
    at E:\QQPCmgr\Desktop\questionWeb\questionWeb-server\questionWeb-server\node_modules\tslib\tslib.js:113:75
    at new Promise (<anonymous>)
    at __awaiter (E:\QQPCmgr\Desktop\questionWeb\questionWeb-server\questionWeb-server\node_modules\tslib\tslib.js:109:16)
    at VueComponent.Header.checkLoginStatus (webpack:///./app/web/component/layout/admin/header/index.ts?./node_modules/cache-loader/dist/cjs.js??ref--0-0!./node_modules/thread-loader/dist/cjs.js??ref--0-1!./node_modules/ts-loader??ref--0-2:28:71)
    at VueComponent.Header.created (webpack:///./app/web/component/layout/admin/header/index.ts?./node_modules/cache-loader/dist/cjs.js??ref--0-0!./node_modules/thread-loader/dist/cjs.js??ref--0-1!./node_modules/ts-loader??ref--0-2:25:14)
    at invokeWithErrorHandling (E:\QQPCmgr\Desktop\questionWeb\questionWeb-server\questionWeb-server\node_modules\vue\dist\vue.runtime.common.dev.js:1850:57)
    at callHook (E:\QQPCmgr\Desktop\questionWeb\questionWeb-server\questionWeb-server\node_modules\vue\dist\vue.runtime.common.dev.js:4207:7)
name: "ReferenceError"
pid: 20956
hostname: DESKTOP-O0FB5QR

2020-05-26 02:18:33,779 ERROR 20956 nodejs.ReferenceError: window is not defined
    at VueComponent.eval (webpack:///./app/web/component/layout/admin/header/index.ts?./node_modules/cache-loader/dist/cjs.js??ref--0-0!./node_modules/thread-loader/dist/cjs.js??ref--0-1!./node_modules/ts-loader??ref--0-2:33:25)
    at step (E:\QQPCmgr\Desktop\questionWeb\questionWeb-server\questionWeb-server\node_modules\tslib\tslib.js:139:27)
    at Object.next (E:\QQPCmgr\Desktop\questionWeb\questionWeb-server\questionWeb-server\node_modules\tslib\tslib.js:120:57)
    at E:\QQPCmgr\Desktop\questionWeb\questionWeb-server\questionWeb-server\node_modules\tslib\tslib.js:113:75
    at new Promise (<anonymous>)
    at __awaiter (E:\QQPCmgr\Desktop\questionWeb\questionWeb-server\questionWeb-server\node_modules\tslib\tslib.js:109:16)
    at VueComponent.Header.checkLoginStatus (webpack:///./app/web/component/layout/admin/header/index.ts?./node_modules/cache-loader/dist/cjs.js??ref--0-0!./node_modules/thread-loader/dist/cjs.js??ref--0-1!./node_modules/ts-loader??ref--0-2:28:71)
    at VueComponent.Header.created (webpack:///./app/web/component/layout/admin/header/index.ts?./node_modules/cache-loader/dist/cjs.js??ref--0-0!./node_modules/thread-loader/dist/cjs.js??ref--0-1!./node_modules/ts-loader??ref--0-2:25:14)
    at invokeWithErrorHandling (E:\QQPCmgr\Desktop\questionWeb\questionWeb-server\questionWeb-server\node_modules\vue\dist\vue.runtime.common.dev.js:1850:57)
    at callHook (E:\QQPCmgr\Desktop\questionWeb\questionWeb-server\questionWeb-server\node_modules\vue\dist\vue.runtime.common.dev.js:4207:7)
name: "ReferenceError"
pid: 20956
hostname: DESKTOP-O0FB5QR

2020-05-26 02:18:36,202 ERROR 20956 nodejs.ReferenceError: window is not defined
    at VueComponent.eval (webpack:///./app/web/component/layout/admin/header/index.ts?./node_modules/cache-loader/dist/cjs.js??ref--0-0!./node_modules/thread-loader/dist/cjs.js??ref--0-1!./node_modules/ts-loader??ref--0-2:33:25)
    at step (E:\QQPCmgr\Desktop\questionWeb\questionWeb-server\questionWeb-server\node_modules\tslib\tslib.js:139:27)
    at Object.next (E:\QQPCmgr\Desktop\questionWeb\questionWeb-server\questionWeb-server\node_modules\tslib\tslib.js:120:57)
    at E:\QQPCmgr\Desktop\questionWeb\questionWeb-server\questionWeb-server\node_modules\tslib\tslib.js:113:75
    at new Promise (<anonymous>)
    at __awaiter (E:\QQPCmgr\Desktop\questionWeb\questionWeb-server\questionWeb-server\node_modules\tslib\tslib.js:109:16)
    at VueComponent.Header.checkLoginStatus (webpack:///./app/web/component/layout/admin/header/index.ts?./node_modules/cache-loader/dist/cjs.js??ref--0-0!./node_modules/thread-loader/dist/cjs.js??ref--0-1!./node_modules/ts-loader??ref--0-2:28:71)
    at VueComponent.Header.created (webpack:///./app/web/component/layout/admin/header/index.ts?./node_modules/cache-loader/dist/cjs.js??ref--0-0!./node_modules/thread-loader/dist/cjs.js??ref--0-1!./node_modules/ts-loader??ref--0-2:25:14)
    at invokeWithErrorHandling (E:\QQPCmgr\Desktop\questionWeb\questionWeb-server\questionWeb-server\node_modules\vue\dist\vue.runtime.common.dev.js:1850:57)
    at callHook (E:\QQPCmgr\Desktop\questionWeb\questionWeb-server\questionWeb-server\node_modules\vue\dist\vue.runtime.common.dev.js:4207:7)
name: "ReferenceError"
pid: 20956
hostname: DESKTOP-O0FB5QR

2020-05-26 09:30:34,247 ERROR 18696 nodejs.ReferenceError: window is not defined
    at VueComponent.eval (webpack:///./app/web/component/layout/admin/header/index.ts?./node_modules/cache-loader/dist/cjs.js??ref--0-0!./node_modules/thread-loader/dist/cjs.js??ref--0-1!./node_modules/ts-loader??ref--0-2:33:25)
    at step (E:\QQPCmgr\Desktop\questionWeb\questionWeb-server\questionWeb-server\node_modules\tslib\tslib.js:139:27)
    at Object.next (E:\QQPCmgr\Desktop\questionWeb\questionWeb-server\questionWeb-server\node_modules\tslib\tslib.js:120:57)
    at E:\QQPCmgr\Desktop\questionWeb\questionWeb-server\questionWeb-server\node_modules\tslib\tslib.js:113:75
    at new Promise (<anonymous>)
    at __awaiter (E:\QQPCmgr\Desktop\questionWeb\questionWeb-server\questionWeb-server\node_modules\tslib\tslib.js:109:16)
    at VueComponent.Header.checkLoginStatus (webpack:///./app/web/component/layout/admin/header/index.ts?./node_modules/cache-loader/dist/cjs.js??ref--0-0!./node_modules/thread-loader/dist/cjs.js??ref--0-1!./node_modules/ts-loader??ref--0-2:28:71)
    at VueComponent.Header.created (webpack:///./app/web/component/layout/admin/header/index.ts?./node_modules/cache-loader/dist/cjs.js??ref--0-0!./node_modules/thread-loader/dist/cjs.js??ref--0-1!./node_modules/ts-loader??ref--0-2:25:14)
    at invokeWithErrorHandling (E:\QQPCmgr\Desktop\questionWeb\questionWeb-server\questionWeb-server\node_modules\vue\dist\vue.runtime.common.dev.js:1850:57)
    at callHook (E:\QQPCmgr\Desktop\questionWeb\questionWeb-server\questionWeb-server\node_modules\vue\dist\vue.runtime.common.dev.js:4207:7)
name: "ReferenceError"
pid: 18696
hostname: DESKTOP-O0FB5QR

2020-05-26 09:33:34,895 ERROR 18696 nodejs.ReferenceError: window is not defined
    at VueComponent.eval (webpack:///./app/web/component/layout/admin/header/index.ts?./node_modules/cache-loader/dist/cjs.js??ref--0-0!./node_modules/thread-loader/dist/cjs.js??ref--0-1!./node_modules/ts-loader??ref--0-2:33:25)
    at step (E:\QQPCmgr\Desktop\questionWeb\questionWeb-server\questionWeb-server\node_modules\tslib\tslib.js:139:27)
    at Object.next (E:\QQPCmgr\Desktop\questionWeb\questionWeb-server\questionWeb-server\node_modules\tslib\tslib.js:120:57)
    at E:\QQPCmgr\Desktop\questionWeb\questionWeb-server\questionWeb-server\node_modules\tslib\tslib.js:113:75
    at new Promise (<anonymous>)
    at __awaiter (E:\QQPCmgr\Desktop\questionWeb\questionWeb-server\questionWeb-server\node_modules\tslib\tslib.js:109:16)
    at VueComponent.Header.checkLoginStatus (webpack:///./app/web/component/layout/admin/header/index.ts?./node_modules/cache-loader/dist/cjs.js??ref--0-0!./node_modules/thread-loader/dist/cjs.js??ref--0-1!./node_modules/ts-loader??ref--0-2:28:71)
    at VueComponent.Header.created (webpack:///./app/web/component/layout/admin/header/index.ts?./node_modules/cache-loader/dist/cjs.js??ref--0-0!./node_modules/thread-loader/dist/cjs.js??ref--0-1!./node_modules/ts-loader??ref--0-2:25:14)
    at invokeWithErrorHandling (E:\QQPCmgr\Desktop\questionWeb\questionWeb-server\questionWeb-server\node_modules\vue\dist\vue.runtime.common.dev.js:1850:57)
    at callHook (E:\QQPCmgr\Desktop\questionWeb\questionWeb-server\questionWeb-server\node_modules\vue\dist\vue.runtime.common.dev.js:4207:7)
name: "ReferenceError"
pid: 18696
hostname: DESKTOP-O0FB5QR

2020-05-26 10:08:34,113 ERROR 18696 nodejs.ReferenceError: window is not defined
    at VueComponent.eval (webpack:///./app/web/component/layout/admin/header/index.ts?./node_modules/cache-loader/dist/cjs.js??ref--0-0!./node_modules/thread-loader/dist/cjs.js??ref--0-1!./node_modules/ts-loader??ref--0-2:33:25)
    at step (E:\QQPCmgr\Desktop\questionWeb\questionWeb-server\questionWeb-server\node_modules\tslib\tslib.js:139:27)
    at Object.next (E:\QQPCmgr\Desktop\questionWeb\questionWeb-server\questionWeb-server\node_modules\tslib\tslib.js:120:57)
    at E:\QQPCmgr\Desktop\questionWeb\questionWeb-server\questionWeb-server\node_modules\tslib\tslib.js:113:75
    at new Promise (<anonymous>)
    at __awaiter (E:\QQPCmgr\Desktop\questionWeb\questionWeb-server\questionWeb-server\node_modules\tslib\tslib.js:109:16)
    at VueComponent.Header.checkLoginStatus (webpack:///./app/web/component/layout/admin/header/index.ts?./node_modules/cache-loader/dist/cjs.js??ref--0-0!./node_modules/thread-loader/dist/cjs.js??ref--0-1!./node_modules/ts-loader??ref--0-2:28:71)
    at VueComponent.Header.created (webpack:///./app/web/component/layout/admin/header/index.ts?./node_modules/cache-loader/dist/cjs.js??ref--0-0!./node_modules/thread-loader/dist/cjs.js??ref--0-1!./node_modules/ts-loader??ref--0-2:25:14)
    at invokeWithErrorHandling (E:\QQPCmgr\Desktop\questionWeb\questionWeb-server\questionWeb-server\node_modules\vue\dist\vue.runtime.common.dev.js:1850:57)
    at callHook (E:\QQPCmgr\Desktop\questionWeb\questionWeb-server\questionWeb-server\node_modules\vue\dist\vue.runtime.common.dev.js:4207:7)
name: "ReferenceError"
pid: 18696
hostname: DESKTOP-O0FB5QR

2020-05-26 10:39:42,614 ERROR 18696 nodejs.ReferenceError: window is not defined
    at VueComponent.eval (webpack:///./app/web/component/layout/admin/header/index.ts?./node_modules/cache-loader/dist/cjs.js??ref--0-0!./node_modules/thread-loader/dist/cjs.js??ref--0-1!./node_modules/ts-loader??ref--0-2:33:25)
    at step (E:\QQPCmgr\Desktop\questionWeb\questionWeb-server\questionWeb-server\node_modules\tslib\tslib.js:139:27)
    at Object.next (E:\QQPCmgr\Desktop\questionWeb\questionWeb-server\questionWeb-server\node_modules\tslib\tslib.js:120:57)
    at E:\QQPCmgr\Desktop\questionWeb\questionWeb-server\questionWeb-server\node_modules\tslib\tslib.js:113:75
    at new Promise (<anonymous>)
    at __awaiter (E:\QQPCmgr\Desktop\questionWeb\questionWeb-server\questionWeb-server\node_modules\tslib\tslib.js:109:16)
    at VueComponent.Header.checkLoginStatus (webpack:///./app/web/component/layout/admin/header/index.ts?./node_modules/cache-loader/dist/cjs.js??ref--0-0!./node_modules/thread-loader/dist/cjs.js??ref--0-1!./node_modules/ts-loader??ref--0-2:28:71)
    at VueComponent.Header.created (webpack:///./app/web/component/layout/admin/header/index.ts?./node_modules/cache-loader/dist/cjs.js??ref--0-0!./node_modules/thread-loader/dist/cjs.js??ref--0-1!./node_modules/ts-loader??ref--0-2:25:14)
    at invokeWithErrorHandling (E:\QQPCmgr\Desktop\questionWeb\questionWeb-server\questionWeb-server\node_modules\vue\dist\vue.runtime.common.dev.js:1850:57)
    at callHook (E:\QQPCmgr\Desktop\questionWeb\questionWeb-server\questionWeb-server\node_modules\vue\dist\vue.runtime.common.dev.js:4207:7)
name: "ReferenceError"
pid: 18696
hostname: DESKTOP-O0FB5QR

2020-05-26 10:39:50,415 ERROR 18696 nodejs.ReferenceError: window is not defined
    at VueComponent.eval (webpack:///./app/web/component/layout/admin/header/index.ts?./node_modules/cache-loader/dist/cjs.js??ref--0-0!./node_modules/thread-loader/dist/cjs.js??ref--0-1!./node_modules/ts-loader??ref--0-2:33:25)
    at step (E:\QQPCmgr\Desktop\questionWeb\questionWeb-server\questionWeb-server\node_modules\tslib\tslib.js:139:27)
    at Object.next (E:\QQPCmgr\Desktop\questionWeb\questionWeb-server\questionWeb-server\node_modules\tslib\tslib.js:120:57)
    at E:\QQPCmgr\Desktop\questionWeb\questionWeb-server\questionWeb-server\node_modules\tslib\tslib.js:113:75
    at new Promise (<anonymous>)
    at __awaiter (E:\QQPCmgr\Desktop\questionWeb\questionWeb-server\questionWeb-server\node_modules\tslib\tslib.js:109:16)
    at VueComponent.Header.checkLoginStatus (webpack:///./app/web/component/layout/admin/header/index.ts?./node_modules/cache-loader/dist/cjs.js??ref--0-0!./node_modules/thread-loader/dist/cjs.js??ref--0-1!./node_modules/ts-loader??ref--0-2:28:71)
    at VueComponent.Header.created (webpack:///./app/web/component/layout/admin/header/index.ts?./node_modules/cache-loader/dist/cjs.js??ref--0-0!./node_modules/thread-loader/dist/cjs.js??ref--0-1!./node_modules/ts-loader??ref--0-2:25:14)
    at invokeWithErrorHandling (E:\QQPCmgr\Desktop\questionWeb\questionWeb-server\questionWeb-server\node_modules\vue\dist\vue.runtime.common.dev.js:1850:57)
    at callHook (E:\QQPCmgr\Desktop\questionWeb\questionWeb-server\questionWeb-server\node_modules\vue\dist\vue.runtime.common.dev.js:4207:7)
name: "ReferenceError"
pid: 18696
hostname: DESKTOP-O0FB5QR

2020-05-26 10:47:01,920 ERROR 18696 nodejs.ReferenceError: window is not defined
    at VueComponent.eval (webpack:///./app/web/component/layout/admin/header/index.ts?./node_modules/cache-loader/dist/cjs.js??ref--0-0!./node_modules/thread-loader/dist/cjs.js??ref--0-1!./node_modules/ts-loader??ref--0-2:33:25)
    at step (E:\QQPCmgr\Desktop\questionWeb\questionWeb-server\questionWeb-server\node_modules\tslib\tslib.js:139:27)
    at Object.next (E:\QQPCmgr\Desktop\questionWeb\questionWeb-server\questionWeb-server\node_modules\tslib\tslib.js:120:57)
    at E:\QQPCmgr\Desktop\questionWeb\questionWeb-server\questionWeb-server\node_modules\tslib\tslib.js:113:75
    at new Promise (<anonymous>)
    at __awaiter (E:\QQPCmgr\Desktop\questionWeb\questionWeb-server\questionWeb-server\node_modules\tslib\tslib.js:109:16)
    at VueComponent.Header.checkLoginStatus (webpack:///./app/web/component/layout/admin/header/index.ts?./node_modules/cache-loader/dist/cjs.js??ref--0-0!./node_modules/thread-loader/dist/cjs.js??ref--0-1!./node_modules/ts-loader??ref--0-2:28:71)
    at VueComponent.Header.created (webpack:///./app/web/component/layout/admin/header/index.ts?./node_modules/cache-loader/dist/cjs.js??ref--0-0!./node_modules/thread-loader/dist/cjs.js??ref--0-1!./node_modules/ts-loader??ref--0-2:25:14)
    at invokeWithErrorHandling (E:\QQPCmgr\Desktop\questionWeb\questionWeb-server\questionWeb-server\node_modules\vue\dist\vue.runtime.common.dev.js:1850:57)
    at callHook (E:\QQPCmgr\Desktop\questionWeb\questionWeb-server\questionWeb-server\node_modules\vue\dist\vue.runtime.common.dev.js:4207:7)
name: "ReferenceError"
pid: 18696
hostname: DESKTOP-O0FB5QR

2020-05-26 10:47:15,470 ERROR 18696 nodejs.ReferenceError: window is not defined
    at VueComponent.eval (webpack:///./app/web/component/layout/admin/header/index.ts?./node_modules/cache-loader/dist/cjs.js??ref--0-0!./node_modules/thread-loader/dist/cjs.js??ref--0-1!./node_modules/ts-loader??ref--0-2:33:25)
    at step (E:\QQPCmgr\Desktop\questionWeb\questionWeb-server\questionWeb-server\node_modules\tslib\tslib.js:139:27)
    at Object.next (E:\QQPCmgr\Desktop\questionWeb\questionWeb-server\questionWeb-server\node_modules\tslib\tslib.js:120:57)
    at E:\QQPCmgr\Desktop\questionWeb\questionWeb-server\questionWeb-server\node_modules\tslib\tslib.js:113:75
    at new Promise (<anonymous>)
    at __awaiter (E:\QQPCmgr\Desktop\questionWeb\questionWeb-server\questionWeb-server\node_modules\tslib\tslib.js:109:16)
    at VueComponent.Header.checkLoginStatus (webpack:///./app/web/component/layout/admin/header/index.ts?./node_modules/cache-loader/dist/cjs.js??ref--0-0!./node_modules/thread-loader/dist/cjs.js??ref--0-1!./node_modules/ts-loader??ref--0-2:28:71)
    at VueComponent.Header.created (webpack:///./app/web/component/layout/admin/header/index.ts?./node_modules/cache-loader/dist/cjs.js??ref--0-0!./node_modules/thread-loader/dist/cjs.js??ref--0-1!./node_modules/ts-loader??ref--0-2:25:14)
    at invokeWithErrorHandling (E:\QQPCmgr\Desktop\questionWeb\questionWeb-server\questionWeb-server\node_modules\vue\dist\vue.runtime.common.dev.js:1850:57)
    at callHook (E:\QQPCmgr\Desktop\questionWeb\questionWeb-server\questionWeb-server\node_modules\vue\dist\vue.runtime.common.dev.js:4207:7)
name: "ReferenceError"
pid: 18696
hostname: DESKTOP-O0FB5QR

2020-05-26 10:49:18,879 ERROR 18696 nodejs.ReferenceError: window is not defined
    at VueComponent.eval (webpack:///./app/web/component/layout/admin/header/index.ts?./node_modules/cache-loader/dist/cjs.js??ref--0-0!./node_modules/thread-loader/dist/cjs.js??ref--0-1!./node_modules/ts-loader??ref--0-2:33:25)
    at step (E:\QQPCmgr\Desktop\questionWeb\questionWeb-server\questionWeb-server\node_modules\tslib\tslib.js:139:27)
    at Object.next (E:\QQPCmgr\Desktop\questionWeb\questionWeb-server\questionWeb-server\node_modules\tslib\tslib.js:120:57)
    at E:\QQPCmgr\Desktop\questionWeb\questionWeb-server\questionWeb-server\node_modules\tslib\tslib.js:113:75
    at new Promise (<anonymous>)
    at __awaiter (E:\QQPCmgr\Desktop\questionWeb\questionWeb-server\questionWeb-server\node_modules\tslib\tslib.js:109:16)
    at VueComponent.Header.checkLoginStatus (webpack:///./app/web/component/layout/admin/header/index.ts?./node_modules/cache-loader/dist/cjs.js??ref--0-0!./node_modules/thread-loader/dist/cjs.js??ref--0-1!./node_modules/ts-loader??ref--0-2:28:71)
    at VueComponent.Header.created (webpack:///./app/web/component/layout/admin/header/index.ts?./node_modules/cache-loader/dist/cjs.js??ref--0-0!./node_modules/thread-loader/dist/cjs.js??ref--0-1!./node_modules/ts-loader??ref--0-2:25:14)
    at invokeWithErrorHandling (E:\QQPCmgr\Desktop\questionWeb\questionWeb-server\questionWeb-server\node_modules\vue\dist\vue.runtime.common.dev.js:1850:57)
    at callHook (E:\QQPCmgr\Desktop\questionWeb\questionWeb-server\questionWeb-server\node_modules\vue\dist\vue.runtime.common.dev.js:4207:7)
name: "ReferenceError"
pid: 18696
hostname: DESKTOP-O0FB5QR

2020-05-26 10:52:38,220 ERROR 18696 nodejs.ReferenceError: window is not defined
    at VueComponent.eval (webpack:///./app/web/component/layout/admin/header/index.ts?./node_modules/cache-loader/dist/cjs.js??ref--0-0!./node_modules/thread-loader/dist/cjs.js??ref--0-1!./node_modules/ts-loader??ref--0-2:33:25)
    at step (E:\QQPCmgr\Desktop\questionWeb\questionWeb-server\questionWeb-server\node_modules\tslib\tslib.js:139:27)
    at Object.next (E:\QQPCmgr\Desktop\questionWeb\questionWeb-server\questionWeb-server\node_modules\tslib\tslib.js:120:57)
    at E:\QQPCmgr\Desktop\questionWeb\questionWeb-server\questionWeb-server\node_modules\tslib\tslib.js:113:75
    at new Promise (<anonymous>)
    at __awaiter (E:\QQPCmgr\Desktop\questionWeb\questionWeb-server\questionWeb-server\node_modules\tslib\tslib.js:109:16)
    at VueComponent.Header.checkLoginStatus (webpack:///./app/web/component/layout/admin/header/index.ts?./node_modules/cache-loader/dist/cjs.js??ref--0-0!./node_modules/thread-loader/dist/cjs.js??ref--0-1!./node_modules/ts-loader??ref--0-2:28:71)
    at VueComponent.Header.created (webpack:///./app/web/component/layout/admin/header/index.ts?./node_modules/cache-loader/dist/cjs.js??ref--0-0!./node_modules/thread-loader/dist/cjs.js??ref--0-1!./node_modules/ts-loader??ref--0-2:25:14)
    at invokeWithErrorHandling (E:\QQPCmgr\Desktop\questionWeb\questionWeb-server\questionWeb-server\node_modules\vue\dist\vue.runtime.common.dev.js:1850:57)
    at callHook (E:\QQPCmgr\Desktop\questionWeb\questionWeb-server\questionWeb-server\node_modules\vue\dist\vue.runtime.common.dev.js:4207:7)
name: "ReferenceError"
pid: 18696
hostname: DESKTOP-O0FB5QR

2020-05-26 10:53:01,186 ERROR 18696 nodejs.ReferenceError: window is not defined
    at VueComponent.eval (webpack:///./app/web/component/layout/admin/header/index.ts?./node_modules/cache-loader/dist/cjs.js??ref--0-0!./node_modules/thread-loader/dist/cjs.js??ref--0-1!./node_modules/ts-loader??ref--0-2:33:25)
    at step (E:\QQPCmgr\Desktop\questionWeb\questionWeb-server\questionWeb-server\node_modules\tslib\tslib.js:139:27)
    at Object.next (E:\QQPCmgr\Desktop\questionWeb\questionWeb-server\questionWeb-server\node_modules\tslib\tslib.js:120:57)
    at E:\QQPCmgr\Desktop\questionWeb\questionWeb-server\questionWeb-server\node_modules\tslib\tslib.js:113:75
    at new Promise (<anonymous>)
    at __awaiter (E:\QQPCmgr\Desktop\questionWeb\questionWeb-server\questionWeb-server\node_modules\tslib\tslib.js:109:16)
    at VueComponent.Header.checkLoginStatus (webpack:///./app/web/component/layout/admin/header/index.ts?./node_modules/cache-loader/dist/cjs.js??ref--0-0!./node_modules/thread-loader/dist/cjs.js??ref--0-1!./node_modules/ts-loader??ref--0-2:28:71)
    at VueComponent.Header.created (webpack:///./app/web/component/layout/admin/header/index.ts?./node_modules/cache-loader/dist/cjs.js??ref--0-0!./node_modules/thread-loader/dist/cjs.js??ref--0-1!./node_modules/ts-loader??ref--0-2:25:14)
    at invokeWithErrorHandling (E:\QQPCmgr\Desktop\questionWeb\questionWeb-server\questionWeb-server\node_modules\vue\dist\vue.runtime.common.dev.js:1850:57)
    at callHook (E:\QQPCmgr\Desktop\questionWeb\questionWeb-server\questionWeb-server\node_modules\vue\dist\vue.runtime.common.dev.js:4207:7)
name: "ReferenceError"
pid: 18696
hostname: DESKTOP-O0FB5QR

2020-05-26 11:05:34,234 ERROR 18696 nodejs.ReferenceError: window is not defined
    at VueComponent.eval (webpack:///./app/web/component/layout/admin/header/index.ts?./node_modules/cache-loader/dist/cjs.js??ref--0-0!./node_modules/thread-loader/dist/cjs.js??ref--0-1!./node_modules/ts-loader??ref--0-2:33:25)
    at step (E:\QQPCmgr\Desktop\questionWeb\questionWeb-server\questionWeb-server\node_modules\tslib\tslib.js:139:27)
    at Object.next (E:\QQPCmgr\Desktop\questionWeb\questionWeb-server\questionWeb-server\node_modules\tslib\tslib.js:120:57)
    at E:\QQPCmgr\Desktop\questionWeb\questionWeb-server\questionWeb-server\node_modules\tslib\tslib.js:113:75
    at new Promise (<anonymous>)
    at __awaiter (E:\QQPCmgr\Desktop\questionWeb\questionWeb-server\questionWeb-server\node_modules\tslib\tslib.js:109:16)
    at VueComponent.Header.checkLoginStatus (webpack:///./app/web/component/layout/admin/header/index.ts?./node_modules/cache-loader/dist/cjs.js??ref--0-0!./node_modules/thread-loader/dist/cjs.js??ref--0-1!./node_modules/ts-loader??ref--0-2:28:71)
    at VueComponent.Header.created (webpack:///./app/web/component/layout/admin/header/index.ts?./node_modules/cache-loader/dist/cjs.js??ref--0-0!./node_modules/thread-loader/dist/cjs.js??ref--0-1!./node_modules/ts-loader??ref--0-2:25:14)
    at invokeWithErrorHandling (E:\QQPCmgr\Desktop\questionWeb\questionWeb-server\questionWeb-server\node_modules\vue\dist\vue.runtime.common.dev.js:1850:57)
    at callHook (E:\QQPCmgr\Desktop\questionWeb\questionWeb-server\questionWeb-server\node_modules\vue\dist\vue.runtime.common.dev.js:4207:7)
name: "ReferenceError"
pid: 18696
hostname: DESKTOP-O0FB5QR

2020-05-26 15:32:46,836 ERROR 18696 nodejs.ReferenceError: window is not defined
    at VueComponent.eval (webpack:///./app/web/component/layout/admin/header/index.ts?./node_modules/cache-loader/dist/cjs.js??ref--0-0!./node_modules/thread-loader/dist/cjs.js??ref--0-1!./node_modules/ts-loader??ref--0-2:33:25)
    at step (E:\QQPCmgr\Desktop\questionWeb\questionWeb-server\questionWeb-server\node_modules\tslib\tslib.js:139:27)
    at Object.next (E:\QQPCmgr\Desktop\questionWeb\questionWeb-server\questionWeb-server\node_modules\tslib\tslib.js:120:57)
    at E:\QQPCmgr\Desktop\questionWeb\questionWeb-server\questionWeb-server\node_modules\tslib\tslib.js:113:75
    at new Promise (<anonymous>)
    at __awaiter (E:\QQPCmgr\Desktop\questionWeb\questionWeb-server\questionWeb-server\node_modules\tslib\tslib.js:109:16)
    at VueComponent.Header.checkLoginStatus (webpack:///./app/web/component/layout/admin/header/index.ts?./node_modules/cache-loader/dist/cjs.js??ref--0-0!./node_modules/thread-loader/dist/cjs.js??ref--0-1!./node_modules/ts-loader??ref--0-2:28:71)
    at VueComponent.Header.created (webpack:///./app/web/component/layout/admin/header/index.ts?./node_modules/cache-loader/dist/cjs.js??ref--0-0!./node_modules/thread-loader/dist/cjs.js??ref--0-1!./node_modules/ts-loader??ref--0-2:25:14)
    at invokeWithErrorHandling (E:\QQPCmgr\Desktop\questionWeb\questionWeb-server\questionWeb-server\node_modules\vue\dist\vue.runtime.common.dev.js:1850:57)
    at callHook (E:\QQPCmgr\Desktop\questionWeb\questionWeb-server\questionWeb-server\node_modules\vue\dist\vue.runtime.common.dev.js:4207:7)
name: "ReferenceError"
pid: 18696
hostname: DESKTOP-O0FB5QR

2020-05-26 15:33:27,448 ERROR 18696 nodejs.ReferenceError: window is not defined
    at VueComponent.eval (webpack:///./app/web/component/layout/admin/header/index.ts?./node_modules/cache-loader/dist/cjs.js??ref--0-0!./node_modules/thread-loader/dist/cjs.js??ref--0-1!./node_modules/ts-loader??ref--0-2:33:25)
    at step (E:\QQPCmgr\Desktop\questionWeb\questionWeb-server\questionWeb-server\node_modules\tslib\tslib.js:139:27)
    at Object.next (E:\QQPCmgr\Desktop\questionWeb\questionWeb-server\questionWeb-server\node_modules\tslib\tslib.js:120:57)
    at E:\QQPCmgr\Desktop\questionWeb\questionWeb-server\questionWeb-server\node_modules\tslib\tslib.js:113:75
    at new Promise (<anonymous>)
    at __awaiter (E:\QQPCmgr\Desktop\questionWeb\questionWeb-server\questionWeb-server\node_modules\tslib\tslib.js:109:16)
    at VueComponent.Header.checkLoginStatus (webpack:///./app/web/component/layout/admin/header/index.ts?./node_modules/cache-loader/dist/cjs.js??ref--0-0!./node_modules/thread-loader/dist/cjs.js??ref--0-1!./node_modules/ts-loader??ref--0-2:28:71)
    at VueComponent.Header.created (webpack:///./app/web/component/layout/admin/header/index.ts?./node_modules/cache-loader/dist/cjs.js??ref--0-0!./node_modules/thread-loader/dist/cjs.js??ref--0-1!./node_modules/ts-loader??ref--0-2:25:14)
    at invokeWithErrorHandling (E:\QQPCmgr\Desktop\questionWeb\questionWeb-server\questionWeb-server\node_modules\vue\dist\vue.runtime.common.dev.js:1850:57)
    at callHook (E:\QQPCmgr\Desktop\questionWeb\questionWeb-server\questionWeb-server\node_modules\vue\dist\vue.runtime.common.dev.js:4207:7)
name: "ReferenceError"
pid: 18696
hostname: DESKTOP-O0FB5QR

2020-05-26 15:34:42,056 ERROR 18696 nodejs.ReferenceError: window is not defined
    at VueComponent.eval (webpack:///./app/web/component/layout/admin/header/index.ts?./node_modules/cache-loader/dist/cjs.js??ref--0-0!./node_modules/thread-loader/dist/cjs.js??ref--0-1!./node_modules/ts-loader??ref--0-2:33:25)
    at step (E:\QQPCmgr\Desktop\questionWeb\questionWeb-server\questionWeb-server\node_modules\tslib\tslib.js:139:27)
    at Object.next (E:\QQPCmgr\Desktop\questionWeb\questionWeb-server\questionWeb-server\node_modules\tslib\tslib.js:120:57)
    at E:\QQPCmgr\Desktop\questionWeb\questionWeb-server\questionWeb-server\node_modules\tslib\tslib.js:113:75
    at new Promise (<anonymous>)
    at __awaiter (E:\QQPCmgr\Desktop\questionWeb\questionWeb-server\questionWeb-server\node_modules\tslib\tslib.js:109:16)
    at VueComponent.Header.checkLoginStatus (webpack:///./app/web/component/layout/admin/header/index.ts?./node_modules/cache-loader/dist/cjs.js??ref--0-0!./node_modules/thread-loader/dist/cjs.js??ref--0-1!./node_modules/ts-loader??ref--0-2:28:71)
    at VueComponent.Header.created (webpack:///./app/web/component/layout/admin/header/index.ts?./node_modules/cache-loader/dist/cjs.js??ref--0-0!./node_modules/thread-loader/dist/cjs.js??ref--0-1!./node_modules/ts-loader??ref--0-2:25:14)
    at invokeWithErrorHandling (E:\QQPCmgr\Desktop\questionWeb\questionWeb-server\questionWeb-server\node_modules\vue\dist\vue.runtime.common.dev.js:1850:57)
    at callHook (E:\QQPCmgr\Desktop\questionWeb\questionWeb-server\questionWeb-server\node_modules\vue\dist\vue.runtime.common.dev.js:4207:7)
name: "ReferenceError"
pid: 18696
hostname: DESKTOP-O0FB5QR

2020-05-26 15:35:41,230 ERROR 18696 nodejs.ReferenceError: window is not defined
    at VueComponent.eval (webpack:///./app/web/component/layout/admin/header/index.ts?./node_modules/cache-loader/dist/cjs.js??ref--0-0!./node_modules/thread-loader/dist/cjs.js??ref--0-1!./node_modules/ts-loader??ref--0-2:33:25)
    at step (E:\QQPCmgr\Desktop\questionWeb\questionWeb-server\questionWeb-server\node_modules\tslib\tslib.js:139:27)
    at Object.next (E:\QQPCmgr\Desktop\questionWeb\questionWeb-server\questionWeb-server\node_modules\tslib\tslib.js:120:57)
    at E:\QQPCmgr\Desktop\questionWeb\questionWeb-server\questionWeb-server\node_modules\tslib\tslib.js:113:75
    at new Promise (<anonymous>)
    at __awaiter (E:\QQPCmgr\Desktop\questionWeb\questionWeb-server\questionWeb-server\node_modules\tslib\tslib.js:109:16)
    at VueComponent.Header.checkLoginStatus (webpack:///./app/web/component/layout/admin/header/index.ts?./node_modules/cache-loader/dist/cjs.js??ref--0-0!./node_modules/thread-loader/dist/cjs.js??ref--0-1!./node_modules/ts-loader??ref--0-2:28:71)
    at VueComponent.Header.created (webpack:///./app/web/component/layout/admin/header/index.ts?./node_modules/cache-loader/dist/cjs.js??ref--0-0!./node_modules/thread-loader/dist/cjs.js??ref--0-1!./node_modules/ts-loader??ref--0-2:25:14)
    at invokeWithErrorHandling (E:\QQPCmgr\Desktop\questionWeb\questionWeb-server\questionWeb-server\node_modules\vue\dist\vue.runtime.common.dev.js:1850:57)
    at callHook (E:\QQPCmgr\Desktop\questionWeb\questionWeb-server\questionWeb-server\node_modules\vue\dist\vue.runtime.common.dev.js:4207:7)
name: "ReferenceError"
pid: 18696
hostname: DESKTOP-O0FB5QR

2020-05-26 15:35:56,611 ERROR 18696 nodejs.ReferenceError: window is not defined
    at VueComponent.eval (webpack:///./app/web/component/layout/admin/header/index.ts?./node_modules/cache-loader/dist/cjs.js??ref--0-0!./node_modules/thread-loader/dist/cjs.js??ref--0-1!./node_modules/ts-loader??ref--0-2:33:25)
    at step (E:\QQPCmgr\Desktop\questionWeb\questionWeb-server\questionWeb-server\node_modules\tslib\tslib.js:139:27)
    at Object.next (E:\QQPCmgr\Desktop\questionWeb\questionWeb-server\questionWeb-server\node_modules\tslib\tslib.js:120:57)
    at E:\QQPCmgr\Desktop\questionWeb\questionWeb-server\questionWeb-server\node_modules\tslib\tslib.js:113:75
    at new Promise (<anonymous>)
    at __awaiter (E:\QQPCmgr\Desktop\questionWeb\questionWeb-server\questionWeb-server\node_modules\tslib\tslib.js:109:16)
    at VueComponent.Header.checkLoginStatus (webpack:///./app/web/component/layout/admin/header/index.ts?./node_modules/cache-loader/dist/cjs.js??ref--0-0!./node_modules/thread-loader/dist/cjs.js??ref--0-1!./node_modules/ts-loader??ref--0-2:28:71)
    at VueComponent.Header.created (webpack:///./app/web/component/layout/admin/header/index.ts?./node_modules/cache-loader/dist/cjs.js??ref--0-0!./node_modules/thread-loader/dist/cjs.js??ref--0-1!./node_modules/ts-loader??ref--0-2:25:14)
    at invokeWithErrorHandling (E:\QQPCmgr\Desktop\questionWeb\questionWeb-server\questionWeb-server\node_modules\vue\dist\vue.runtime.common.dev.js:1850:57)
    at callHook (E:\QQPCmgr\Desktop\questionWeb\questionWeb-server\questionWeb-server\node_modules\vue\dist\vue.runtime.common.dev.js:4207:7)
name: "ReferenceError"
pid: 18696
hostname: DESKTOP-O0FB5QR

2020-05-26 15:36:22,629 ERROR 18696 nodejs.ReferenceError: window is not defined
    at VueComponent.eval (webpack:///./app/web/component/layout/admin/header/index.ts?./node_modules/cache-loader/dist/cjs.js??ref--0-0!./node_modules/thread-loader/dist/cjs.js??ref--0-1!./node_modules/ts-loader??ref--0-2:33:25)
    at step (E:\QQPCmgr\Desktop\questionWeb\questionWeb-server\questionWeb-server\node_modules\tslib\tslib.js:139:27)
    at Object.next (E:\QQPCmgr\Desktop\questionWeb\questionWeb-server\questionWeb-server\node_modules\tslib\tslib.js:120:57)
    at E:\QQPCmgr\Desktop\questionWeb\questionWeb-server\questionWeb-server\node_modules\tslib\tslib.js:113:75
    at new Promise (<anonymous>)
    at __awaiter (E:\QQPCmgr\Desktop\questionWeb\questionWeb-server\questionWeb-server\node_modules\tslib\tslib.js:109:16)
    at VueComponent.Header.checkLoginStatus (webpack:///./app/web/component/layout/admin/header/index.ts?./node_modules/cache-loader/dist/cjs.js??ref--0-0!./node_modules/thread-loader/dist/cjs.js??ref--0-1!./node_modules/ts-loader??ref--0-2:28:71)
    at VueComponent.Header.created (webpack:///./app/web/component/layout/admin/header/index.ts?./node_modules/cache-loader/dist/cjs.js??ref--0-0!./node_modules/thread-loader/dist/cjs.js??ref--0-1!./node_modules/ts-loader??ref--0-2:25:14)
    at invokeWithErrorHandling (E:\QQPCmgr\Desktop\questionWeb\questionWeb-server\questionWeb-server\node_modules\vue\dist\vue.runtime.common.dev.js:1850:57)
    at callHook (E:\QQPCmgr\Desktop\questionWeb\questionWeb-server\questionWeb-server\node_modules\vue\dist\vue.runtime.common.dev.js:4207:7)
name: "ReferenceError"
pid: 18696
hostname: DESKTOP-O0FB5QR

2020-05-26 15:36:33,161 ERROR 18696 nodejs.ReferenceError: window is not defined
    at VueComponent.eval (webpack:///./app/web/component/layout/admin/header/index.ts?./node_modules/cache-loader/dist/cjs.js??ref--0-0!./node_modules/thread-loader/dist/cjs.js??ref--0-1!./node_modules/ts-loader??ref--0-2:33:25)
    at step (E:\QQPCmgr\Desktop\questionWeb\questionWeb-server\questionWeb-server\node_modules\tslib\tslib.js:139:27)
    at Object.next (E:\QQPCmgr\Desktop\questionWeb\questionWeb-server\questionWeb-server\node_modules\tslib\tslib.js:120:57)
    at E:\QQPCmgr\Desktop\questionWeb\questionWeb-server\questionWeb-server\node_modules\tslib\tslib.js:113:75
    at new Promise (<anonymous>)
    at __awaiter (E:\QQPCmgr\Desktop\questionWeb\questionWeb-server\questionWeb-server\node_modules\tslib\tslib.js:109:16)
    at VueComponent.Header.checkLoginStatus (webpack:///./app/web/component/layout/admin/header/index.ts?./node_modules/cache-loader/dist/cjs.js??ref--0-0!./node_modules/thread-loader/dist/cjs.js??ref--0-1!./node_modules/ts-loader??ref--0-2:28:71)
    at VueComponent.Header.created (webpack:///./app/web/component/layout/admin/header/index.ts?./node_modules/cache-loader/dist/cjs.js??ref--0-0!./node_modules/thread-loader/dist/cjs.js??ref--0-1!./node_modules/ts-loader??ref--0-2:25:14)
    at invokeWithErrorHandling (E:\QQPCmgr\Desktop\questionWeb\questionWeb-server\questionWeb-server\node_modules\vue\dist\vue.runtime.common.dev.js:1850:57)
    at callHook (E:\QQPCmgr\Desktop\questionWeb\questionWeb-server\questionWeb-server\node_modules\vue\dist\vue.runtime.common.dev.js:4207:7)
name: "ReferenceError"
pid: 18696
hostname: DESKTOP-O0FB5QR

2020-05-26 15:37:16,695 ERROR 18696 nodejs.ReferenceError: window is not defined
    at VueComponent.eval (webpack:///./app/web/component/layout/admin/header/index.ts?./node_modules/cache-loader/dist/cjs.js??ref--0-0!./node_modules/thread-loader/dist/cjs.js??ref--0-1!./node_modules/ts-loader??ref--0-2:33:25)
    at step (E:\QQPCmgr\Desktop\questionWeb\questionWeb-server\questionWeb-server\node_modules\tslib\tslib.js:139:27)
    at Object.next (E:\QQPCmgr\Desktop\questionWeb\questionWeb-server\questionWeb-server\node_modules\tslib\tslib.js:120:57)
    at E:\QQPCmgr\Desktop\questionWeb\questionWeb-server\questionWeb-server\node_modules\tslib\tslib.js:113:75
    at new Promise (<anonymous>)
    at __awaiter (E:\QQPCmgr\Desktop\questionWeb\questionWeb-server\questionWeb-server\node_modules\tslib\tslib.js:109:16)
    at VueComponent.Header.checkLoginStatus (webpack:///./app/web/component/layout/admin/header/index.ts?./node_modules/cache-loader/dist/cjs.js??ref--0-0!./node_modules/thread-loader/dist/cjs.js??ref--0-1!./node_modules/ts-loader??ref--0-2:28:71)
    at VueComponent.Header.created (webpack:///./app/web/component/layout/admin/header/index.ts?./node_modules/cache-loader/dist/cjs.js??ref--0-0!./node_modules/thread-loader/dist/cjs.js??ref--0-1!./node_modules/ts-loader??ref--0-2:25:14)
    at invokeWithErrorHandling (E:\QQPCmgr\Desktop\questionWeb\questionWeb-server\questionWeb-server\node_modules\vue\dist\vue.runtime.common.dev.js:1850:57)
    at callHook (E:\QQPCmgr\Desktop\questionWeb\questionWeb-server\questionWeb-server\node_modules\vue\dist\vue.runtime.common.dev.js:4207:7)
name: "ReferenceError"
pid: 18696
hostname: DESKTOP-O0FB5QR

2020-05-26 15:39:56,002 ERROR 18696 nodejs.ReferenceError: window is not defined
    at VueComponent.eval (webpack:///./app/web/component/layout/admin/header/index.ts?./node_modules/cache-loader/dist/cjs.js??ref--0-0!./node_modules/thread-loader/dist/cjs.js??ref--0-1!./node_modules/ts-loader??ref--0-2:33:25)
    at step (E:\QQPCmgr\Desktop\questionWeb\questionWeb-server\questionWeb-server\node_modules\tslib\tslib.js:139:27)
    at Object.next (E:\QQPCmgr\Desktop\questionWeb\questionWeb-server\questionWeb-server\node_modules\tslib\tslib.js:120:57)
    at E:\QQPCmgr\Desktop\questionWeb\questionWeb-server\questionWeb-server\node_modules\tslib\tslib.js:113:75
    at new Promise (<anonymous>)
    at __awaiter (E:\QQPCmgr\Desktop\questionWeb\questionWeb-server\questionWeb-server\node_modules\tslib\tslib.js:109:16)
    at VueComponent.Header.checkLoginStatus (webpack:///./app/web/component/layout/admin/header/index.ts?./node_modules/cache-loader/dist/cjs.js??ref--0-0!./node_modules/thread-loader/dist/cjs.js??ref--0-1!./node_modules/ts-loader??ref--0-2:28:71)
    at VueComponent.Header.created (webpack:///./app/web/component/layout/admin/header/index.ts?./node_modules/cache-loader/dist/cjs.js??ref--0-0!./node_modules/thread-loader/dist/cjs.js??ref--0-1!./node_modules/ts-loader??ref--0-2:25:14)
    at invokeWithErrorHandling (E:\QQPCmgr\Desktop\questionWeb\questionWeb-server\questionWeb-server\node_modules\vue\dist\vue.runtime.common.dev.js:1850:57)
    at callHook (E:\QQPCmgr\Desktop\questionWeb\questionWeb-server\questionWeb-server\node_modules\vue\dist\vue.runtime.common.dev.js:4207:7)
name: "ReferenceError"
pid: 18696
hostname: DESKTOP-O0FB5QR

2020-05-26 15:40:17,679 ERROR 18696 nodejs.ReferenceError: window is not defined
    at VueComponent.eval (webpack:///./app/web/component/layout/admin/header/index.ts?./node_modules/cache-loader/dist/cjs.js??ref--0-0!./node_modules/thread-loader/dist/cjs.js??ref--0-1!./node_modules/ts-loader??ref--0-2:33:25)
    at step (E:\QQPCmgr\Desktop\questionWeb\questionWeb-server\questionWeb-server\node_modules\tslib\tslib.js:139:27)
    at Object.next (E:\QQPCmgr\Desktop\questionWeb\questionWeb-server\questionWeb-server\node_modules\tslib\tslib.js:120:57)
    at E:\QQPCmgr\Desktop\questionWeb\questionWeb-server\questionWeb-server\node_modules\tslib\tslib.js:113:75
    at new Promise (<anonymous>)
    at __awaiter (E:\QQPCmgr\Desktop\questionWeb\questionWeb-server\questionWeb-server\node_modules\tslib\tslib.js:109:16)
    at VueComponent.Header.checkLoginStatus (webpack:///./app/web/component/layout/admin/header/index.ts?./node_modules/cache-loader/dist/cjs.js??ref--0-0!./node_modules/thread-loader/dist/cjs.js??ref--0-1!./node_modules/ts-loader??ref--0-2:28:71)
    at VueComponent.Header.created (webpack:///./app/web/component/layout/admin/header/index.ts?./node_modules/cache-loader/dist/cjs.js??ref--0-0!./node_modules/thread-loader/dist/cjs.js??ref--0-1!./node_modules/ts-loader??ref--0-2:25:14)
    at invokeWithErrorHandling (E:\QQPCmgr\Desktop\questionWeb\questionWeb-server\questionWeb-server\node_modules\vue\dist\vue.runtime.common.dev.js:1850:57)
    at callHook (E:\QQPCmgr\Desktop\questionWeb\questionWeb-server\questionWeb-server\node_modules\vue\dist\vue.runtime.common.dev.js:4207:7)
name: "ReferenceError"
pid: 18696
hostname: DESKTOP-O0FB5QR

2020-05-26 15:43:36,228 ERROR 18696 nodejs.ReferenceError: window is not defined
    at VueComponent.eval (webpack:///./app/web/component/layout/admin/header/index.ts?./node_modules/cache-loader/dist/cjs.js??ref--0-0!./node_modules/thread-loader/dist/cjs.js??ref--0-1!./node_modules/ts-loader??ref--0-2:33:25)
    at step (E:\QQPCmgr\Desktop\questionWeb\questionWeb-server\questionWeb-server\node_modules\tslib\tslib.js:139:27)
    at Object.next (E:\QQPCmgr\Desktop\questionWeb\questionWeb-server\questionWeb-server\node_modules\tslib\tslib.js:120:57)
    at E:\QQPCmgr\Desktop\questionWeb\questionWeb-server\questionWeb-server\node_modules\tslib\tslib.js:113:75
    at new Promise (<anonymous>)
    at __awaiter (E:\QQPCmgr\Desktop\questionWeb\questionWeb-server\questionWeb-server\node_modules\tslib\tslib.js:109:16)
    at VueComponent.Header.checkLoginStatus (webpack:///./app/web/component/layout/admin/header/index.ts?./node_modules/cache-loader/dist/cjs.js??ref--0-0!./node_modules/thread-loader/dist/cjs.js??ref--0-1!./node_modules/ts-loader??ref--0-2:28:71)
    at VueComponent.Header.created (webpack:///./app/web/component/layout/admin/header/index.ts?./node_modules/cache-loader/dist/cjs.js??ref--0-0!./node_modules/thread-loader/dist/cjs.js??ref--0-1!./node_modules/ts-loader??ref--0-2:25:14)
    at invokeWithErrorHandling (E:\QQPCmgr\Desktop\questionWeb\questionWeb-server\questionWeb-server\node_modules\vue\dist\vue.runtime.common.dev.js:1850:57)
    at callHook (E:\QQPCmgr\Desktop\questionWeb\questionWeb-server\questionWeb-server\node_modules\vue\dist\vue.runtime.common.dev.js:4207:7)
name: "ReferenceError"
pid: 18696
hostname: DESKTOP-O0FB5QR

2020-05-26 15:43:39,980 ERROR 18696 nodejs.ReferenceError: window is not defined
    at VueComponent.eval (webpack:///./app/web/component/layout/admin/header/index.ts?./node_modules/cache-loader/dist/cjs.js??ref--0-0!./node_modules/thread-loader/dist/cjs.js??ref--0-1!./node_modules/ts-loader??ref--0-2:33:25)
    at step (E:\QQPCmgr\Desktop\questionWeb\questionWeb-server\questionWeb-server\node_modules\tslib\tslib.js:139:27)
    at Object.next (E:\QQPCmgr\Desktop\questionWeb\questionWeb-server\questionWeb-server\node_modules\tslib\tslib.js:120:57)
    at E:\QQPCmgr\Desktop\questionWeb\questionWeb-server\questionWeb-server\node_modules\tslib\tslib.js:113:75
    at new Promise (<anonymous>)
    at __awaiter (E:\QQPCmgr\Desktop\questionWeb\questionWeb-server\questionWeb-server\node_modules\tslib\tslib.js:109:16)
    at VueComponent.Header.checkLoginStatus (webpack:///./app/web/component/layout/admin/header/index.ts?./node_modules/cache-loader/dist/cjs.js??ref--0-0!./node_modules/thread-loader/dist/cjs.js??ref--0-1!./node_modules/ts-loader??ref--0-2:28:71)
    at VueComponent.Header.created (webpack:///./app/web/component/layout/admin/header/index.ts?./node_modules/cache-loader/dist/cjs.js??ref--0-0!./node_modules/thread-loader/dist/cjs.js??ref--0-1!./node_modules/ts-loader??ref--0-2:25:14)
    at invokeWithErrorHandling (E:\QQPCmgr\Desktop\questionWeb\questionWeb-server\questionWeb-server\node_modules\vue\dist\vue.runtime.common.dev.js:1850:57)
    at callHook (E:\QQPCmgr\Desktop\questionWeb\questionWeb-server\questionWeb-server\node_modules\vue\dist\vue.runtime.common.dev.js:4207:7)
name: "ReferenceError"
pid: 18696
hostname: DESKTOP-O0FB5QR

2020-05-26 15:43:43,140 ERROR 18696 nodejs.ReferenceError: window is not defined
    at VueComponent.eval (webpack:///./app/web/component/layout/admin/header/index.ts?./node_modules/cache-loader/dist/cjs.js??ref--0-0!./node_modules/thread-loader/dist/cjs.js??ref--0-1!./node_modules/ts-loader??ref--0-2:33:25)
    at step (E:\QQPCmgr\Desktop\questionWeb\questionWeb-server\questionWeb-server\node_modules\tslib\tslib.js:139:27)
    at Object.next (E:\QQPCmgr\Desktop\questionWeb\questionWeb-server\questionWeb-server\node_modules\tslib\tslib.js:120:57)
    at E:\QQPCmgr\Desktop\questionWeb\questionWeb-server\questionWeb-server\node_modules\tslib\tslib.js:113:75
    at new Promise (<anonymous>)
    at __awaiter (E:\QQPCmgr\Desktop\questionWeb\questionWeb-server\questionWeb-server\node_modules\tslib\tslib.js:109:16)
    at VueComponent.Header.checkLoginStatus (webpack:///./app/web/component/layout/admin/header/index.ts?./node_modules/cache-loader/dist/cjs.js??ref--0-0!./node_modules/thread-loader/dist/cjs.js??ref--0-1!./node_modules/ts-loader??ref--0-2:28:71)
    at VueComponent.Header.created (webpack:///./app/web/component/layout/admin/header/index.ts?./node_modules/cache-loader/dist/cjs.js??ref--0-0!./node_modules/thread-loader/dist/cjs.js??ref--0-1!./node_modules/ts-loader??ref--0-2:25:14)
    at invokeWithErrorHandling (E:\QQPCmgr\Desktop\questionWeb\questionWeb-server\questionWeb-server\node_modules\vue\dist\vue.runtime.common.dev.js:1850:57)
    at callHook (E:\QQPCmgr\Desktop\questionWeb\questionWeb-server\questionWeb-server\node_modules\vue\dist\vue.runtime.common.dev.js:4207:7)
name: "ReferenceError"
pid: 18696
hostname: DESKTOP-O0FB5QR

2020-05-26 15:43:51,171 ERROR 18696 nodejs.ReferenceError: window is not defined
    at VueComponent.eval (webpack:///./app/web/component/layout/admin/header/index.ts?./node_modules/cache-loader/dist/cjs.js??ref--0-0!./node_modules/thread-loader/dist/cjs.js??ref--0-1!./node_modules/ts-loader??ref--0-2:33:25)
    at step (E:\QQPCmgr\Desktop\questionWeb\questionWeb-server\questionWeb-server\node_modules\tslib\tslib.js:139:27)
    at Object.next (E:\QQPCmgr\Desktop\questionWeb\questionWeb-server\questionWeb-server\node_modules\tslib\tslib.js:120:57)
    at E:\QQPCmgr\Desktop\questionWeb\questionWeb-server\questionWeb-server\node_modules\tslib\tslib.js:113:75
    at new Promise (<anonymous>)
    at __awaiter (E:\QQPCmgr\Desktop\questionWeb\questionWeb-server\questionWeb-server\node_modules\tslib\tslib.js:109:16)
    at VueComponent.Header.checkLoginStatus (webpack:///./app/web/component/layout/admin/header/index.ts?./node_modules/cache-loader/dist/cjs.js??ref--0-0!./node_modules/thread-loader/dist/cjs.js??ref--0-1!./node_modules/ts-loader??ref--0-2:28:71)
    at VueComponent.Header.created (webpack:///./app/web/component/layout/admin/header/index.ts?./node_modules/cache-loader/dist/cjs.js??ref--0-0!./node_modules/thread-loader/dist/cjs.js??ref--0-1!./node_modules/ts-loader??ref--0-2:25:14)
    at invokeWithErrorHandling (E:\QQPCmgr\Desktop\questionWeb\questionWeb-server\questionWeb-server\node_modules\vue\dist\vue.runtime.common.dev.js:1850:57)
    at callHook (E:\QQPCmgr\Desktop\questionWeb\questionWeb-server\questionWeb-server\node_modules\vue\dist\vue.runtime.common.dev.js:4207:7)
name: "ReferenceError"
pid: 18696
hostname: DESKTOP-O0FB5QR

2020-05-26 15:52:39,169 ERROR 18696 nodejs.ReferenceError: window is not defined
    at VueComponent.eval (webpack:///./app/web/component/layout/admin/header/index.ts?./node_modules/cache-loader/dist/cjs.js??ref--0-0!./node_modules/thread-loader/dist/cjs.js??ref--0-1!./node_modules/ts-loader??ref--0-2:33:25)
    at step (E:\QQPCmgr\Desktop\questionWeb\questionWeb-server\questionWeb-server\node_modules\tslib\tslib.js:139:27)
    at Object.next (E:\QQPCmgr\Desktop\questionWeb\questionWeb-server\questionWeb-server\node_modules\tslib\tslib.js:120:57)
    at E:\QQPCmgr\Desktop\questionWeb\questionWeb-server\questionWeb-server\node_modules\tslib\tslib.js:113:75
    at new Promise (<anonymous>)
    at __awaiter (E:\QQPCmgr\Desktop\questionWeb\questionWeb-server\questionWeb-server\node_modules\tslib\tslib.js:109:16)
    at VueComponent.Header.checkLoginStatus (webpack:///./app/web/component/layout/admin/header/index.ts?./node_modules/cache-loader/dist/cjs.js??ref--0-0!./node_modules/thread-loader/dist/cjs.js??ref--0-1!./node_modules/ts-loader??ref--0-2:28:71)
    at VueComponent.Header.created (webpack:///./app/web/component/layout/admin/header/index.ts?./node_modules/cache-loader/dist/cjs.js??ref--0-0!./node_modules/thread-loader/dist/cjs.js??ref--0-1!./node_modules/ts-loader??ref--0-2:25:14)
    at invokeWithErrorHandling (E:\QQPCmgr\Desktop\questionWeb\questionWeb-server\questionWeb-server\node_modules\vue\dist\vue.runtime.common.dev.js:1850:57)
    at callHook (E:\QQPCmgr\Desktop\questionWeb\questionWeb-server\questionWeb-server\node_modules\vue\dist\vue.runtime.common.dev.js:4207:7)
name: "ReferenceError"
pid: 18696
hostname: DESKTOP-O0FB5QR

2020-05-26 15:52:42,818 ERROR 18696 nodejs.ReferenceError: window is not defined
    at VueComponent.eval (webpack:///./app/web/component/layout/admin/header/index.ts?./node_modules/cache-loader/dist/cjs.js??ref--0-0!./node_modules/thread-loader/dist/cjs.js??ref--0-1!./node_modules/ts-loader??ref--0-2:33:25)
    at step (E:\QQPCmgr\Desktop\questionWeb\questionWeb-server\questionWeb-server\node_modules\tslib\tslib.js:139:27)
    at Object.next (E:\QQPCmgr\Desktop\questionWeb\questionWeb-server\questionWeb-server\node_modules\tslib\tslib.js:120:57)
    at E:\QQPCmgr\Desktop\questionWeb\questionWeb-server\questionWeb-server\node_modules\tslib\tslib.js:113:75
    at new Promise (<anonymous>)
    at __awaiter (E:\QQPCmgr\Desktop\questionWeb\questionWeb-server\questionWeb-server\node_modules\tslib\tslib.js:109:16)
    at VueComponent.Header.checkLoginStatus (webpack:///./app/web/component/layout/admin/header/index.ts?./node_modules/cache-loader/dist/cjs.js??ref--0-0!./node_modules/thread-loader/dist/cjs.js??ref--0-1!./node_modules/ts-loader??ref--0-2:28:71)
    at VueComponent.Header.created (webpack:///./app/web/component/layout/admin/header/index.ts?./node_modules/cache-loader/dist/cjs.js??ref--0-0!./node_modules/thread-loader/dist/cjs.js??ref--0-1!./node_modules/ts-loader??ref--0-2:25:14)
    at invokeWithErrorHandling (E:\QQPCmgr\Desktop\questionWeb\questionWeb-server\questionWeb-server\node_modules\vue\dist\vue.runtime.common.dev.js:1850:57)
    at callHook (E:\QQPCmgr\Desktop\questionWeb\questionWeb-server\questionWeb-server\node_modules\vue\dist\vue.runtime.common.dev.js:4207:7)
name: "ReferenceError"
pid: 18696
hostname: DESKTOP-O0FB5QR

2020-05-26 15:52:49,078 ERROR 18696 nodejs.ReferenceError: window is not defined
    at VueComponent.eval (webpack:///./app/web/component/layout/admin/header/index.ts?./node_modules/cache-loader/dist/cjs.js??ref--0-0!./node_modules/thread-loader/dist/cjs.js??ref--0-1!./node_modules/ts-loader??ref--0-2:33:25)
    at step (E:\QQPCmgr\Desktop\questionWeb\questionWeb-server\questionWeb-server\node_modules\tslib\tslib.js:139:27)
    at Object.next (E:\QQPCmgr\Desktop\questionWeb\questionWeb-server\questionWeb-server\node_modules\tslib\tslib.js:120:57)
    at E:\QQPCmgr\Desktop\questionWeb\questionWeb-server\questionWeb-server\node_modules\tslib\tslib.js:113:75
    at new Promise (<anonymous>)
    at __awaiter (E:\QQPCmgr\Desktop\questionWeb\questionWeb-server\questionWeb-server\node_modules\tslib\tslib.js:109:16)
    at VueComponent.Header.checkLoginStatus (webpack:///./app/web/component/layout/admin/header/index.ts?./node_modules/cache-loader/dist/cjs.js??ref--0-0!./node_modules/thread-loader/dist/cjs.js??ref--0-1!./node_modules/ts-loader??ref--0-2:28:71)
    at VueComponent.Header.created (webpack:///./app/web/component/layout/admin/header/index.ts?./node_modules/cache-loader/dist/cjs.js??ref--0-0!./node_modules/thread-loader/dist/cjs.js??ref--0-1!./node_modules/ts-loader??ref--0-2:25:14)
    at invokeWithErrorHandling (E:\QQPCmgr\Desktop\questionWeb\questionWeb-server\questionWeb-server\node_modules\vue\dist\vue.runtime.common.dev.js:1850:57)
    at callHook (E:\QQPCmgr\Desktop\questionWeb\questionWeb-server\questionWeb-server\node_modules\vue\dist\vue.runtime.common.dev.js:4207:7)
name: "ReferenceError"
pid: 18696
hostname: DESKTOP-O0FB5QR

2020-05-26 16:17:12,940 ERROR 18696 nodejs.ReferenceError: window is not defined
    at VueComponent.eval (webpack:///./app/web/component/layout/admin/header/index.ts?./node_modules/cache-loader/dist/cjs.js??ref--0-0!./node_modules/thread-loader/dist/cjs.js??ref--0-1!./node_modules/ts-loader??ref--0-2:33:25)
    at step (E:\QQPCmgr\Desktop\questionWeb\questionWeb-server\questionWeb-server\node_modules\tslib\tslib.js:139:27)
    at Object.next (E:\QQPCmgr\Desktop\questionWeb\questionWeb-server\questionWeb-server\node_modules\tslib\tslib.js:120:57)
    at E:\QQPCmgr\Desktop\questionWeb\questionWeb-server\questionWeb-server\node_modules\tslib\tslib.js:113:75
    at new Promise (<anonymous>)
    at __awaiter (E:\QQPCmgr\Desktop\questionWeb\questionWeb-server\questionWeb-server\node_modules\tslib\tslib.js:109:16)
    at VueComponent.Header.checkLoginStatus (webpack:///./app/web/component/layout/admin/header/index.ts?./node_modules/cache-loader/dist/cjs.js??ref--0-0!./node_modules/thread-loader/dist/cjs.js??ref--0-1!./node_modules/ts-loader??ref--0-2:28:71)
    at VueComponent.Header.created (webpack:///./app/web/component/layout/admin/header/index.ts?./node_modules/cache-loader/dist/cjs.js??ref--0-0!./node_modules/thread-loader/dist/cjs.js??ref--0-1!./node_modules/ts-loader??ref--0-2:25:14)
    at invokeWithErrorHandling (E:\QQPCmgr\Desktop\questionWeb\questionWeb-server\questionWeb-server\node_modules\vue\dist\vue.runtime.common.dev.js:1850:57)
    at callHook (E:\QQPCmgr\Desktop\questionWeb\questionWeb-server\questionWeb-server\node_modules\vue\dist\vue.runtime.common.dev.js:4207:7)
name: "ReferenceError"
pid: 18696
hostname: DESKTOP-O0FB5QR

2020-05-26 16:17:22,263 ERROR 18696 nodejs.ReferenceError: window is not defined
    at VueComponent.eval (webpack:///./app/web/component/layout/admin/header/index.ts?./node_modules/cache-loader/dist/cjs.js??ref--0-0!./node_modules/thread-loader/dist/cjs.js??ref--0-1!./node_modules/ts-loader??ref--0-2:33:25)
    at step (E:\QQPCmgr\Desktop\questionWeb\questionWeb-server\questionWeb-server\node_modules\tslib\tslib.js:139:27)
    at Object.next (E:\QQPCmgr\Desktop\questionWeb\questionWeb-server\questionWeb-server\node_modules\tslib\tslib.js:120:57)
    at E:\QQPCmgr\Desktop\questionWeb\questionWeb-server\questionWeb-server\node_modules\tslib\tslib.js:113:75
    at new Promise (<anonymous>)
    at __awaiter (E:\QQPCmgr\Desktop\questionWeb\questionWeb-server\questionWeb-server\node_modules\tslib\tslib.js:109:16)
    at VueComponent.Header.checkLoginStatus (webpack:///./app/web/component/layout/admin/header/index.ts?./node_modules/cache-loader/dist/cjs.js??ref--0-0!./node_modules/thread-loader/dist/cjs.js??ref--0-1!./node_modules/ts-loader??ref--0-2:28:71)
    at VueComponent.Header.created (webpack:///./app/web/component/layout/admin/header/index.ts?./node_modules/cache-loader/dist/cjs.js??ref--0-0!./node_modules/thread-loader/dist/cjs.js??ref--0-1!./node_modules/ts-loader??ref--0-2:25:14)
    at invokeWithErrorHandling (E:\QQPCmgr\Desktop\questionWeb\questionWeb-server\questionWeb-server\node_modules\vue\dist\vue.runtime.common.dev.js:1850:57)
    at callHook (E:\QQPCmgr\Desktop\questionWeb\questionWeb-server\questionWeb-server\node_modules\vue\dist\vue.runtime.common.dev.js:4207:7)
name: "ReferenceError"
pid: 18696
hostname: DESKTOP-O0FB5QR

2020-05-26 16:35:53,422 ERROR 13460 nodejs.ReferenceError: window is not defined
    at VueComponent.eval (webpack:///./app/web/component/layout/admin/header/index.ts?./node_modules/cache-loader/dist/cjs.js??ref--0-0!./node_modules/thread-loader/dist/cjs.js??ref--0-1!./node_modules/ts-loader??ref--0-2:33:25)
    at step (E:\QQPCmgr\Desktop\questionWeb\questionWeb-server\questionWeb-server\node_modules\tslib\tslib.js:139:27)
    at Object.next (E:\QQPCmgr\Desktop\questionWeb\questionWeb-server\questionWeb-server\node_modules\tslib\tslib.js:120:57)
    at E:\QQPCmgr\Desktop\questionWeb\questionWeb-server\questionWeb-server\node_modules\tslib\tslib.js:113:75
    at new Promise (<anonymous>)
    at __awaiter (E:\QQPCmgr\Desktop\questionWeb\questionWeb-server\questionWeb-server\node_modules\tslib\tslib.js:109:16)
    at VueComponent.Header.checkLoginStatus (webpack:///./app/web/component/layout/admin/header/index.ts?./node_modules/cache-loader/dist/cjs.js??ref--0-0!./node_modules/thread-loader/dist/cjs.js??ref--0-1!./node_modules/ts-loader??ref--0-2:28:71)
    at VueComponent.Header.created (webpack:///./app/web/component/layout/admin/header/index.ts?./node_modules/cache-loader/dist/cjs.js??ref--0-0!./node_modules/thread-loader/dist/cjs.js??ref--0-1!./node_modules/ts-loader??ref--0-2:25:14)
    at invokeWithErrorHandling (E:\QQPCmgr\Desktop\questionWeb\questionWeb-server\questionWeb-server\node_modules\vue\dist\vue.runtime.common.dev.js:1850:57)
    at callHook (E:\QQPCmgr\Desktop\questionWeb\questionWeb-server\questionWeb-server\node_modules\vue\dist\vue.runtime.common.dev.js:4207:7)
name: "ReferenceError"
pid: 13460
hostname: DESKTOP-O0FB5QR

2020-05-26 16:35:59,226 ERROR 13460 [-/127.0.0.1/-/7ms POST /admin/api/getStudentInfo] nodejs.ER_PARSE_ERRORError: ER_PARSE_ERROR: You have an error in your SQL syntax; check the manual that corresponds to your MySQL server version for the right syntax to use near ''' at line 1
    at Query.Sequence._packetToError (E:\QQPCmgr\Desktop\questionWeb\questionWeb-server\questionWeb-server\node_modules\mysql\lib\protocol\sequences\Sequence.js:47:14)
    at Query.ErrorPacket (E:\QQPCmgr\Desktop\questionWeb\questionWeb-server\questionWeb-server\node_modules\mysql\lib\protocol\sequences\Query.js:79:18)
    at Protocol._parsePacket (E:\QQPCmgr\Desktop\questionWeb\questionWeb-server\questionWeb-server\node_modules\mysql\lib\protocol\Protocol.js:291:23)
    at Parser._parsePacket (E:\QQPCmgr\Desktop\questionWeb\questionWeb-server\questionWeb-server\node_modules\mysql\lib\protocol\Parser.js:433:10)
    at Parser.write (E:\QQPCmgr\Desktop\questionWeb\questionWeb-server\questionWeb-server\node_modules\mysql\lib\protocol\Parser.js:43:10)
    at Protocol.write (E:\QQPCmgr\Desktop\questionWeb\questionWeb-server\questionWeb-server\node_modules\mysql\lib\protocol\Protocol.js:38:16)
    at Socket.<anonymous> (E:\QQPCmgr\Desktop\questionWeb\questionWeb-server\questionWeb-server\node_modules\mysql\lib\Connection.js:88:28)
    at Socket.<anonymous> (E:\QQPCmgr\Desktop\questionWeb\questionWeb-server\questionWeb-server\node_modules\mysql\lib\Connection.js:526:10)
    at Socket.emit (events.js:189:13)
    at addChunk (_stream_readable.js:284:12)
    --------------------
    at Pool.query (E:\QQPCmgr\Desktop\questionWeb\questionWeb-server\questionWeb-server\node_modules\mysql\lib\Pool.js:199:23)
    at E:\QQPCmgr\Desktop\questionWeb\questionWeb-server\questionWeb-server\node_modules\ali-rds\node_modules\pify\index.js:29:7
    at new Promise (<anonymous>)
    at Pool.<anonymous> (E:\QQPCmgr\Desktop\questionWeb\questionWeb-server\questionWeb-server\node_modules\ali-rds\node_modules\pify\index.js:12:10)
    at Pool.ret [as query] (E:\QQPCmgr\Desktop\questionWeb\questionWeb-server\questionWeb-server\node_modules\ali-rds\node_modules\pify\index.js:56:34)
    at RDSClient.proto._query (E:\QQPCmgr\Desktop\questionWeb\questionWeb-server\questionWeb-server\node_modules\ali-rds\lib\client.js:34:20)
    at RDSClient.proto.query (E:\QQPCmgr\Desktop\questionWeb\questionWeb-server\questionWeb-server\node_modules\ali-rds\lib\operator.js:54:29)
    at proto.query.next (<anonymous>)
    at onFulfilled (E:\QQPCmgr\Desktop\questionWeb\questionWeb-server\questionWeb-server\node_modules\co\index.js:65:19)
    at E:\QQPCmgr\Desktop\questionWeb\questionWeb-server\questionWeb-server\node_modules\co\index.js:54:5
    sql: select name,number,class from user';
code: "ER_PARSE_ERROR"
errno: 1064
sqlMessage: "You have an error in your SQL syntax; check the manual that corresponds to your MySQL server version for the right syntax to use near ''' at line 1"
sqlState: "42000"
index: 0
sql: "select name,number,class from user';"
headers: {"Access-Control-Allow-Origin":"*","vary":"Origin"}
name: "ER_PARSE_ERRORError"
pid: 13460
hostname: DESKTOP-O0FB5QR

2020-05-26 16:36:28,879 ERROR 13460 nodejs.ReferenceError: window is not defined
    at VueComponent.eval (webpack:///./app/web/component/layout/admin/header/index.ts?./node_modules/cache-loader/dist/cjs.js??ref--0-0!./node_modules/thread-loader/dist/cjs.js??ref--0-1!./node_modules/ts-loader??ref--0-2:33:25)
    at step (E:\QQPCmgr\Desktop\questionWeb\questionWeb-server\questionWeb-server\node_modules\tslib\tslib.js:139:27)
    at Object.next (E:\QQPCmgr\Desktop\questionWeb\questionWeb-server\questionWeb-server\node_modules\tslib\tslib.js:120:57)
    at E:\QQPCmgr\Desktop\questionWeb\questionWeb-server\questionWeb-server\node_modules\tslib\tslib.js:113:75
    at new Promise (<anonymous>)
    at __awaiter (E:\QQPCmgr\Desktop\questionWeb\questionWeb-server\questionWeb-server\node_modules\tslib\tslib.js:109:16)
    at VueComponent.Header.checkLoginStatus (webpack:///./app/web/component/layout/admin/header/index.ts?./node_modules/cache-loader/dist/cjs.js??ref--0-0!./node_modules/thread-loader/dist/cjs.js??ref--0-1!./node_modules/ts-loader??ref--0-2:28:71)
    at VueComponent.Header.created (webpack:///./app/web/component/layout/admin/header/index.ts?./node_modules/cache-loader/dist/cjs.js??ref--0-0!./node_modules/thread-loader/dist/cjs.js??ref--0-1!./node_modules/ts-loader??ref--0-2:25:14)
    at invokeWithErrorHandling (E:\QQPCmgr\Desktop\questionWeb\questionWeb-server\questionWeb-server\node_modules\vue\dist\vue.runtime.common.dev.js:1850:57)
    at callHook (E:\QQPCmgr\Desktop\questionWeb\questionWeb-server\questionWeb-server\node_modules\vue\dist\vue.runtime.common.dev.js:4207:7)
name: "ReferenceError"
pid: 13460
hostname: DESKTOP-O0FB5QR

2020-05-26 16:36:36,239 ERROR 15964 nodejs.ReferenceError: window is not defined
    at VueComponent.eval (webpack:///./app/web/component/layout/admin/header/index.ts?./node_modules/cache-loader/dist/cjs.js??ref--0-0!./node_modules/thread-loader/dist/cjs.js??ref--0-1!./node_modules/ts-loader??ref--0-2:33:25)
    at step (E:\QQPCmgr\Desktop\questionWeb\questionWeb-server\questionWeb-server\node_modules\tslib\tslib.js:139:27)
    at Object.next (E:\QQPCmgr\Desktop\questionWeb\questionWeb-server\questionWeb-server\node_modules\tslib\tslib.js:120:57)
    at E:\QQPCmgr\Desktop\questionWeb\questionWeb-server\questionWeb-server\node_modules\tslib\tslib.js:113:75
    at new Promise (<anonymous>)
    at __awaiter (E:\QQPCmgr\Desktop\questionWeb\questionWeb-server\questionWeb-server\node_modules\tslib\tslib.js:109:16)
    at VueComponent.Header.checkLoginStatus (webpack:///./app/web/component/layout/admin/header/index.ts?./node_modules/cache-loader/dist/cjs.js??ref--0-0!./node_modules/thread-loader/dist/cjs.js??ref--0-1!./node_modules/ts-loader??ref--0-2:28:71)
    at VueComponent.Header.created (webpack:///./app/web/component/layout/admin/header/index.ts?./node_modules/cache-loader/dist/cjs.js??ref--0-0!./node_modules/thread-loader/dist/cjs.js??ref--0-1!./node_modules/ts-loader??ref--0-2:25:14)
    at invokeWithErrorHandling (E:\QQPCmgr\Desktop\questionWeb\questionWeb-server\questionWeb-server\node_modules\vue\dist\vue.runtime.common.dev.js:1850:57)
    at callHook (E:\QQPCmgr\Desktop\questionWeb\questionWeb-server\questionWeb-server\node_modules\vue\dist\vue.runtime.common.dev.js:4207:7)
name: "ReferenceError"
pid: 15964
hostname: DESKTOP-O0FB5QR

2020-05-26 16:38:37,710 ERROR 15964 nodejs.ReferenceError: window is not defined
    at VueComponent.eval (webpack:///./app/web/component/layout/admin/header/index.ts?./node_modules/cache-loader/dist/cjs.js??ref--0-0!./node_modules/thread-loader/dist/cjs.js??ref--0-1!./node_modules/ts-loader??ref--0-2:33:25)
    at step (E:\QQPCmgr\Desktop\questionWeb\questionWeb-server\questionWeb-server\node_modules\tslib\tslib.js:139:27)
    at Object.next (E:\QQPCmgr\Desktop\questionWeb\questionWeb-server\questionWeb-server\node_modules\tslib\tslib.js:120:57)
    at E:\QQPCmgr\Desktop\questionWeb\questionWeb-server\questionWeb-server\node_modules\tslib\tslib.js:113:75
    at new Promise (<anonymous>)
    at __awaiter (E:\QQPCmgr\Desktop\questionWeb\questionWeb-server\questionWeb-server\node_modules\tslib\tslib.js:109:16)
    at VueComponent.Header.checkLoginStatus (webpack:///./app/web/component/layout/admin/header/index.ts?./node_modules/cache-loader/dist/cjs.js??ref--0-0!./node_modules/thread-loader/dist/cjs.js??ref--0-1!./node_modules/ts-loader??ref--0-2:28:71)
    at VueComponent.Header.created (webpack:///./app/web/component/layout/admin/header/index.ts?./node_modules/cache-loader/dist/cjs.js??ref--0-0!./node_modules/thread-loader/dist/cjs.js??ref--0-1!./node_modules/ts-loader??ref--0-2:25:14)
    at invokeWithErrorHandling (E:\QQPCmgr\Desktop\questionWeb\questionWeb-server\questionWeb-server\node_modules\vue\dist\vue.runtime.common.dev.js:1850:57)
    at callHook (E:\QQPCmgr\Desktop\questionWeb\questionWeb-server\questionWeb-server\node_modules\vue\dist\vue.runtime.common.dev.js:4207:7)
name: "ReferenceError"
pid: 15964
hostname: DESKTOP-O0FB5QR

2020-05-26 16:41:52,004 ERROR 15964 nodejs.ReferenceError: window is not defined
    at VueComponent.eval (webpack:///./app/web/component/layout/admin/header/index.ts?./node_modules/cache-loader/dist/cjs.js??ref--0-0!./node_modules/thread-loader/dist/cjs.js??ref--0-1!./node_modules/ts-loader??ref--0-2:33:25)
    at step (E:\QQPCmgr\Desktop\questionWeb\questionWeb-server\questionWeb-server\node_modules\tslib\tslib.js:139:27)
    at Object.next (E:\QQPCmgr\Desktop\questionWeb\questionWeb-server\questionWeb-server\node_modules\tslib\tslib.js:120:57)
    at E:\QQPCmgr\Desktop\questionWeb\questionWeb-server\questionWeb-server\node_modules\tslib\tslib.js:113:75
    at new Promise (<anonymous>)
    at __awaiter (E:\QQPCmgr\Desktop\questionWeb\questionWeb-server\questionWeb-server\node_modules\tslib\tslib.js:109:16)
    at VueComponent.Header.checkLoginStatus (webpack:///./app/web/component/layout/admin/header/index.ts?./node_modules/cache-loader/dist/cjs.js??ref--0-0!./node_modules/thread-loader/dist/cjs.js??ref--0-1!./node_modules/ts-loader??ref--0-2:28:71)
    at VueComponent.Header.created (webpack:///./app/web/component/layout/admin/header/index.ts?./node_modules/cache-loader/dist/cjs.js??ref--0-0!./node_modules/thread-loader/dist/cjs.js??ref--0-1!./node_modules/ts-loader??ref--0-2:25:14)
    at invokeWithErrorHandling (E:\QQPCmgr\Desktop\questionWeb\questionWeb-server\questionWeb-server\node_modules\vue\dist\vue.runtime.common.dev.js:1850:57)
    at callHook (E:\QQPCmgr\Desktop\questionWeb\questionWeb-server\questionWeb-server\node_modules\vue\dist\vue.runtime.common.dev.js:4207:7)
name: "ReferenceError"
pid: 15964
hostname: DESKTOP-O0FB5QR

2020-05-26 16:43:08,052 ERROR 15964 nodejs.ReferenceError: window is not defined
    at VueComponent.eval (webpack:///./app/web/component/layout/admin/header/index.ts?./node_modules/cache-loader/dist/cjs.js??ref--0-0!./node_modules/thread-loader/dist/cjs.js??ref--0-1!./node_modules/ts-loader??ref--0-2:33:25)
    at step (E:\QQPCmgr\Desktop\questionWeb\questionWeb-server\questionWeb-server\node_modules\tslib\tslib.js:139:27)
    at Object.next (E:\QQPCmgr\Desktop\questionWeb\questionWeb-server\questionWeb-server\node_modules\tslib\tslib.js:120:57)
    at E:\QQPCmgr\Desktop\questionWeb\questionWeb-server\questionWeb-server\node_modules\tslib\tslib.js:113:75
    at new Promise (<anonymous>)
    at __awaiter (E:\QQPCmgr\Desktop\questionWeb\questionWeb-server\questionWeb-server\node_modules\tslib\tslib.js:109:16)
    at VueComponent.Header.checkLoginStatus (webpack:///./app/web/component/layout/admin/header/index.ts?./node_modules/cache-loader/dist/cjs.js??ref--0-0!./node_modules/thread-loader/dist/cjs.js??ref--0-1!./node_modules/ts-loader??ref--0-2:28:71)
    at VueComponent.Header.created (webpack:///./app/web/component/layout/admin/header/index.ts?./node_modules/cache-loader/dist/cjs.js??ref--0-0!./node_modules/thread-loader/dist/cjs.js??ref--0-1!./node_modules/ts-loader??ref--0-2:25:14)
    at invokeWithErrorHandling (E:\QQPCmgr\Desktop\questionWeb\questionWeb-server\questionWeb-server\node_modules\vue\dist\vue.runtime.common.dev.js:1850:57)
    at callHook (E:\QQPCmgr\Desktop\questionWeb\questionWeb-server\questionWeb-server\node_modules\vue\dist\vue.runtime.common.dev.js:4207:7)
name: "ReferenceError"
pid: 15964
hostname: DESKTOP-O0FB5QR

2020-05-26 16:47:45,790 ERROR 15964 nodejs.ReferenceError: window is not defined
    at VueComponent.eval (webpack:///./app/web/component/layout/admin/header/index.ts?./node_modules/cache-loader/dist/cjs.js??ref--0-0!./node_modules/thread-loader/dist/cjs.js??ref--0-1!./node_modules/ts-loader??ref--0-2:33:25)
    at step (E:\QQPCmgr\Desktop\questionWeb\questionWeb-server\questionWeb-server\node_modules\tslib\tslib.js:139:27)
    at Object.next (E:\QQPCmgr\Desktop\questionWeb\questionWeb-server\questionWeb-server\node_modules\tslib\tslib.js:120:57)
    at E:\QQPCmgr\Desktop\questionWeb\questionWeb-server\questionWeb-server\node_modules\tslib\tslib.js:113:75
    at new Promise (<anonymous>)
    at __awaiter (E:\QQPCmgr\Desktop\questionWeb\questionWeb-server\questionWeb-server\node_modules\tslib\tslib.js:109:16)
    at VueComponent.Header.checkLoginStatus (webpack:///./app/web/component/layout/admin/header/index.ts?./node_modules/cache-loader/dist/cjs.js??ref--0-0!./node_modules/thread-loader/dist/cjs.js??ref--0-1!./node_modules/ts-loader??ref--0-2:28:71)
    at VueComponent.Header.created (webpack:///./app/web/component/layout/admin/header/index.ts?./node_modules/cache-loader/dist/cjs.js??ref--0-0!./node_modules/thread-loader/dist/cjs.js??ref--0-1!./node_modules/ts-loader??ref--0-2:25:14)
    at invokeWithErrorHandling (E:\QQPCmgr\Desktop\questionWeb\questionWeb-server\questionWeb-server\node_modules\vue\dist\vue.runtime.common.dev.js:1850:57)
    at callHook (E:\QQPCmgr\Desktop\questionWeb\questionWeb-server\questionWeb-server\node_modules\vue\dist\vue.runtime.common.dev.js:4207:7)
name: "ReferenceError"
pid: 15964
hostname: DESKTOP-O0FB5QR

2020-05-26 16:48:32,822 ERROR 15964 nodejs.ReferenceError: window is not defined
    at VueComponent.eval (webpack:///./app/web/component/layout/admin/header/index.ts?./node_modules/cache-loader/dist/cjs.js??ref--0-0!./node_modules/thread-loader/dist/cjs.js??ref--0-1!./node_modules/ts-loader??ref--0-2:33:25)
    at step (E:\QQPCmgr\Desktop\questionWeb\questionWeb-server\questionWeb-server\node_modules\tslib\tslib.js:139:27)
    at Object.next (E:\QQPCmgr\Desktop\questionWeb\questionWeb-server\questionWeb-server\node_modules\tslib\tslib.js:120:57)
    at E:\QQPCmgr\Desktop\questionWeb\questionWeb-server\questionWeb-server\node_modules\tslib\tslib.js:113:75
    at new Promise (<anonymous>)
    at __awaiter (E:\QQPCmgr\Desktop\questionWeb\questionWeb-server\questionWeb-server\node_modules\tslib\tslib.js:109:16)
    at VueComponent.Header.checkLoginStatus (webpack:///./app/web/component/layout/admin/header/index.ts?./node_modules/cache-loader/dist/cjs.js??ref--0-0!./node_modules/thread-loader/dist/cjs.js??ref--0-1!./node_modules/ts-loader??ref--0-2:28:71)
    at VueComponent.Header.created (webpack:///./app/web/component/layout/admin/header/index.ts?./node_modules/cache-loader/dist/cjs.js??ref--0-0!./node_modules/thread-loader/dist/cjs.js??ref--0-1!./node_modules/ts-loader??ref--0-2:25:14)
    at invokeWithErrorHandling (E:\QQPCmgr\Desktop\questionWeb\questionWeb-server\questionWeb-server\node_modules\vue\dist\vue.runtime.common.dev.js:1850:57)
    at callHook (E:\QQPCmgr\Desktop\questionWeb\questionWeb-server\questionWeb-server\node_modules\vue\dist\vue.runtime.common.dev.js:4207:7)
name: "ReferenceError"
pid: 15964
hostname: DESKTOP-O0FB5QR

2020-05-26 16:51:55,334 ERROR 15964 nodejs.ReferenceError: window is not defined
    at VueComponent.eval (webpack:///./app/web/component/layout/admin/header/index.ts?./node_modules/cache-loader/dist/cjs.js??ref--0-0!./node_modules/thread-loader/dist/cjs.js??ref--0-1!./node_modules/ts-loader??ref--0-2:33:25)
    at step (E:\QQPCmgr\Desktop\questionWeb\questionWeb-server\questionWeb-server\node_modules\tslib\tslib.js:139:27)
    at Object.next (E:\QQPCmgr\Desktop\questionWeb\questionWeb-server\questionWeb-server\node_modules\tslib\tslib.js:120:57)
    at E:\QQPCmgr\Desktop\questionWeb\questionWeb-server\questionWeb-server\node_modules\tslib\tslib.js:113:75
    at new Promise (<anonymous>)
    at __awaiter (E:\QQPCmgr\Desktop\questionWeb\questionWeb-server\questionWeb-server\node_modules\tslib\tslib.js:109:16)
    at VueComponent.Header.checkLoginStatus (webpack:///./app/web/component/layout/admin/header/index.ts?./node_modules/cache-loader/dist/cjs.js??ref--0-0!./node_modules/thread-loader/dist/cjs.js??ref--0-1!./node_modules/ts-loader??ref--0-2:28:71)
    at VueComponent.Header.created (webpack:///./app/web/component/layout/admin/header/index.ts?./node_modules/cache-loader/dist/cjs.js??ref--0-0!./node_modules/thread-loader/dist/cjs.js??ref--0-1!./node_modules/ts-loader??ref--0-2:25:14)
    at invokeWithErrorHandling (E:\QQPCmgr\Desktop\questionWeb\questionWeb-server\questionWeb-server\node_modules\vue\dist\vue.runtime.common.dev.js:1850:57)
    at callHook (E:\QQPCmgr\Desktop\questionWeb\questionWeb-server\questionWeb-server\node_modules\vue\dist\vue.runtime.common.dev.js:4207:7)
name: "ReferenceError"
pid: 15964
hostname: DESKTOP-O0FB5QR

2020-05-26 16:52:31,148 ERROR 15964 nodejs.ReferenceError: window is not defined
    at VueComponent.eval (webpack:///./app/web/component/layout/admin/header/index.ts?./node_modules/cache-loader/dist/cjs.js??ref--0-0!./node_modules/thread-loader/dist/cjs.js??ref--0-1!./node_modules/ts-loader??ref--0-2:33:25)
    at step (E:\QQPCmgr\Desktop\questionWeb\questionWeb-server\questionWeb-server\node_modules\tslib\tslib.js:139:27)
    at Object.next (E:\QQPCmgr\Desktop\questionWeb\questionWeb-server\questionWeb-server\node_modules\tslib\tslib.js:120:57)
    at E:\QQPCmgr\Desktop\questionWeb\questionWeb-server\questionWeb-server\node_modules\tslib\tslib.js:113:75
    at new Promise (<anonymous>)
    at __awaiter (E:\QQPCmgr\Desktop\questionWeb\questionWeb-server\questionWeb-server\node_modules\tslib\tslib.js:109:16)
    at VueComponent.Header.checkLoginStatus (webpack:///./app/web/component/layout/admin/header/index.ts?./node_modules/cache-loader/dist/cjs.js??ref--0-0!./node_modules/thread-loader/dist/cjs.js??ref--0-1!./node_modules/ts-loader??ref--0-2:28:71)
    at VueComponent.Header.created (webpack:///./app/web/component/layout/admin/header/index.ts?./node_modules/cache-loader/dist/cjs.js??ref--0-0!./node_modules/thread-loader/dist/cjs.js??ref--0-1!./node_modules/ts-loader??ref--0-2:25:14)
    at invokeWithErrorHandling (E:\QQPCmgr\Desktop\questionWeb\questionWeb-server\questionWeb-server\node_modules\vue\dist\vue.runtime.common.dev.js:1850:57)
    at callHook (E:\QQPCmgr\Desktop\questionWeb\questionWeb-server\questionWeb-server\node_modules\vue\dist\vue.runtime.common.dev.js:4207:7)
name: "ReferenceError"
pid: 15964
hostname: DESKTOP-O0FB5QR

