2020-05-05 00:00:01,012 INFO 22212 [egg-logrotator] app logger reload: got log-reload message
2020-05-05 00:06:09,897 INFO 20016 [egg:logger] init all loggers with options: {"dir":"E:\\QQPCmgr\\Desktop\\questionWeb\\questionWeb-server\\questionWeb-server\\logs","encoding":"utf8","env":"local","level":"INFO","consoleLevel":"DEBUG","disableConsoleAfterReady":false,"outputJSON":false,"buffer":true,"appLogName":"questionWeb-server-web.log","coreLogName":"egg-web.log","agentLogName":"egg-agent.log","errorLogName":"common-error.log","coreLogger":{"consoleLevel":"WARN"},"allowDebugAtProd":false,"type":"application"}
2020-05-05 00:06:09,936 INFO 20016 [egg-multipart] stream mode enable
2020-05-05 00:06:09,937 INFO 20016 [egg-mysql] connecting root@localhost:3306/student
2020-05-05 00:06:10,075 INFO 20016 [egg-static] starting static serve /public/ -> E:\QQPCmgr\Desktop\questionWeb\questionWeb-server\questionWeb-server\public
2020-05-05 00:06:10,078 INFO 20016 [egg-security] use methodnoallow middleware
2020-05-05 00:06:10,079 INFO 20016 [egg-security] use noopen middleware
2020-05-05 00:06:10,080 INFO 20016 [egg-security] use nosniff middleware
2020-05-05 00:06:10,080 INFO 20016 [egg-security] use xssProtection middleware
2020-05-05 00:06:10,081 INFO 20016 [egg-security] use xframe middleware
2020-05-05 00:06:10,081 INFO 20016 [egg-security] use dta middleware
2020-05-05 00:06:10,081 INFO 20016 [egg-security] compose 6 middlewares into one security middleware
2020-05-05 00:06:11,984 INFO 20016 [egg:core] dump config after load, 10ms
2020-05-05 00:06:12,004 INFO 20016 [egg-watcher:application] watcher start success
2020-05-05 00:06:12,014 INFO 20016 [egg-mysql] instance[0] status OK, rds currentTime: Tue May 05 2020 00:06:12 GMT+0800 (GMT+08:00)
2020-05-05 00:06:12,024 INFO 20016 [egg:core] dump config after ready, 8ms
2020-05-05 00:12:15,969 INFO 22664 [egg:logger] init all loggers with options: {"dir":"E:\\QQPCmgr\\Desktop\\questionWeb\\questionWeb-server\\questionWeb-server\\logs","encoding":"utf8","env":"local","level":"INFO","consoleLevel":"DEBUG","disableConsoleAfterReady":false,"outputJSON":false,"buffer":true,"appLogName":"questionWeb-server-web.log","coreLogName":"egg-web.log","agentLogName":"egg-agent.log","errorLogName":"common-error.log","coreLogger":{"consoleLevel":"WARN"},"allowDebugAtProd":false,"type":"application"}
2020-05-05 00:12:16,021 INFO 22664 [egg-multipart] stream mode enable
2020-05-05 00:12:16,022 INFO 22664 [egg-mysql] connecting root@localhost:3306/student
2020-05-05 00:12:16,184 INFO 22664 [egg-static] starting static serve /public/ -> E:\QQPCmgr\Desktop\questionWeb\questionWeb-server\questionWeb-server\public
2020-05-05 00:12:16,187 INFO 22664 [egg-security] use methodnoallow middleware
2020-05-05 00:12:16,188 INFO 22664 [egg-security] use noopen middleware
2020-05-05 00:12:16,189 INFO 22664 [egg-security] use nosniff middleware
2020-05-05 00:12:16,190 INFO 22664 [egg-security] use xssProtection middleware
2020-05-05 00:12:16,191 INFO 22664 [egg-security] use xframe middleware
2020-05-05 00:12:16,191 INFO 22664 [egg-security] use dta middleware
2020-05-05 00:12:16,192 INFO 22664 [egg-security] compose 6 middlewares into one security middleware
2020-05-05 00:12:18,070 INFO 22664 [egg:core] dump config after load, 9ms
2020-05-05 00:12:18,094 INFO 22664 [egg-watcher:application] watcher start success
2020-05-05 00:12:18,101 INFO 22664 [egg-mysql] instance[0] status OK, rds currentTime: Tue May 05 2020 00:12:18 GMT+0800 (GMT+08:00)
2020-05-05 00:12:18,116 INFO 22664 [egg:core] dump config after ready, 13ms
2020-05-05 00:16:39,811 INFO 9700 [egg:logger] init all loggers with options: {"dir":"E:\\QQPCmgr\\Desktop\\questionWeb\\questionWeb-server\\questionWeb-server\\logs","encoding":"utf8","env":"local","level":"INFO","consoleLevel":"DEBUG","disableConsoleAfterReady":false,"outputJSON":false,"buffer":true,"appLogName":"questionWeb-server-web.log","coreLogName":"egg-web.log","agentLogName":"egg-agent.log","errorLogName":"common-error.log","coreLogger":{"consoleLevel":"WARN"},"allowDebugAtProd":false,"type":"application"}
2020-05-05 00:16:39,852 INFO 9700 [egg-multipart] stream mode enable
2020-05-05 00:16:39,854 INFO 9700 [egg-mysql] connecting root@localhost:3306/student
2020-05-05 00:16:39,990 INFO 9700 [egg-static] starting static serve /public/ -> E:\QQPCmgr\Desktop\questionWeb\questionWeb-server\questionWeb-server\public
2020-05-05 00:16:39,992 INFO 9700 [egg-security] use methodnoallow middleware
2020-05-05 00:16:39,993 INFO 9700 [egg-security] use noopen middleware
2020-05-05 00:16:39,994 INFO 9700 [egg-security] use nosniff middleware
2020-05-05 00:16:39,995 INFO 9700 [egg-security] use xssProtection middleware
2020-05-05 00:16:39,995 INFO 9700 [egg-security] use xframe middleware
2020-05-05 00:16:39,996 INFO 9700 [egg-security] use dta middleware
2020-05-05 00:16:39,996 INFO 9700 [egg-security] compose 6 middlewares into one security middleware
2020-05-05 00:16:41,780 INFO 9700 [egg:core] dump config after load, 7ms
2020-05-05 00:16:41,799 INFO 9700 [egg-watcher:application] watcher start success
2020-05-05 00:16:41,806 INFO 9700 [egg-mysql] instance[0] status OK, rds currentTime: Tue May 05 2020 00:16:41 GMT+0800 (GMT+08:00)
2020-05-05 00:16:41,821 INFO 9700 [egg:core] dump config after ready, 13ms
2020-05-05 00:41:02,290 INFO 14776 [egg:logger] init all loggers with options: {"dir":"E:\\QQPCmgr\\Desktop\\questionWeb\\questionWeb-server\\questionWeb-server\\logs","encoding":"utf8","env":"local","level":"INFO","consoleLevel":"DEBUG","disableConsoleAfterReady":false,"outputJSON":false,"buffer":true,"appLogName":"questionWeb-server-web.log","coreLogName":"egg-web.log","agentLogName":"egg-agent.log","errorLogName":"common-error.log","coreLogger":{"consoleLevel":"WARN"},"allowDebugAtProd":false,"type":"application"}
2020-05-05 00:41:02,329 INFO 14776 [egg-multipart] stream mode enable
2020-05-05 00:41:02,331 INFO 14776 [egg-mysql] connecting root@localhost:3306/student
2020-05-05 00:41:02,473 INFO 14776 [egg-static] starting static serve /public/ -> E:\QQPCmgr\Desktop\questionWeb\questionWeb-server\questionWeb-server\public
2020-05-05 00:41:02,475 INFO 14776 [egg-security] use methodnoallow middleware
2020-05-05 00:41:02,476 INFO 14776 [egg-security] use noopen middleware
2020-05-05 00:41:02,477 INFO 14776 [egg-security] use nosniff middleware
2020-05-05 00:41:02,478 INFO 14776 [egg-security] use xssProtection middleware
2020-05-05 00:41:02,478 INFO 14776 [egg-security] use xframe middleware
2020-05-05 00:41:02,479 INFO 14776 [egg-security] use dta middleware
2020-05-05 00:41:02,479 INFO 14776 [egg-security] compose 6 middlewares into one security middleware
2020-05-05 00:41:04,440 INFO 14776 [egg:core] dump config after load, 8ms
